{"/Users/weichuwang/Desktop/project-video-and-messaging-web-app-guozhe-weichu-yuguang/api/app.js": {"path":"/Users/weichuwang/Desktop/project-video-and-messaging-web-app-guozhe-weichu-yuguang/api/app.js","statementMap":{"0":{"start":{"line":2,"column":15},"end":{"line":2,"column":34}},"1":{"start":{"line":3,"column":16},"end":{"line":3,"column":34}},"2":{"start":{"line":4,"column":46},"end":{"line":4,"column":74}},"3":{"start":{"line":5,"column":11},"end":{"line":5,"column":24}},"4":{"start":{"line":6,"column":13},"end":{"line":6,"column":28}},"5":{"start":{"line":7,"column":15},"end":{"line":7,"column":32}},"6":{"start":{"line":8,"column":17},"end":{"line":8,"column":36}},"7":{"start":{"line":9,"column":22},"end":{"line":9,"column":56}},"8":{"start":{"line":10,"column":30},"end":{"line":10,"column":64}},"9":{"start":{"line":11,"column":14},"end":{"line":11,"column":38}},"10":{"start":{"line":12,"column":16},"end":{"line":12,"column":42}},"11":{"start":{"line":13,"column":23},"end":{"line":13,"column":49}},"12":{"start":{"line":14,"column":19},"end":{"line":14,"column":41}},"13":{"start":{"line":15,"column":17},"end":{"line":15,"column":36}},"14":{"start":{"line":16,"column":19},"end":{"line":16,"column":52}},"15":{"start":{"line":17,"column":13},"end":{"line":17,"column":36}},"16":{"start":{"line":18,"column":16},"end":{"line":18,"column":42}},"17":{"start":{"line":19,"column":0},"end":{"line":19,"column":27}},"18":{"start":{"line":20,"column":13},"end":{"line":20,"column":28}},"19":{"start":{"line":21,"column":19},"end":{"line":21,"column":48}},"20":{"start":{"line":22,"column":15},"end":{"line":22,"column":32}},"21":{"start":{"line":27,"column":0},"end":{"line":39,"column":3}},"22":{"start":{"line":32,"column":2},"end":{"line":38,"column":3}},"23":{"start":{"line":34,"column":4},"end":{"line":34,"column":66}},"24":{"start":{"line":37,"column":4},"end":{"line":37,"column":46}},"25":{"start":{"line":44,"column":16},"end":{"line":52,"column":2}},"26":{"start":{"line":46,"column":4},"end":{"line":46,"column":24}},"27":{"start":{"line":49,"column":14},"end":{"line":49,"column":42}},"28":{"start":{"line":50,"column":4},"end":{"line":50,"column":67}},"29":{"start":{"line":54,"column":15},"end":{"line":54,"column":34}},"30":{"start":{"line":59,"column":17},"end":{"line":151,"column":2}},"31":{"start":{"line":62,"column":28},"end":{"line":62,"column":29}},"32":{"start":{"line":64,"column":22},"end":{"line":64,"column":35}},"33":{"start":{"line":67,"column":22},"end":{"line":67,"column":35}},"34":{"start":{"line":68,"column":18},"end":{"line":68,"column":23}},"35":{"start":{"line":70,"column":16},"end":{"line":70,"column":21}},"36":{"start":{"line":71,"column":16},"end":{"line":71,"column":18}},"37":{"start":{"line":73,"column":2},"end":{"line":149,"column":31}},"38":{"start":{"line":77,"column":6},"end":{"line":82,"column":7}},"39":{"start":{"line":79,"column":8},"end":{"line":79,"column":24}},"40":{"start":{"line":80,"column":8},"end":{"line":80,"column":44}},"41":{"start":{"line":81,"column":8},"end":{"line":81,"column":46}},"42":{"start":{"line":84,"column":25},"end":{"line":84,"column":37}},"43":{"start":{"line":86,"column":35},"end":{"line":86,"column":47}},"44":{"start":{"line":89,"column":6},"end":{"line":104,"column":7}},"45":{"start":{"line":91,"column":8},"end":{"line":98,"column":9}},"46":{"start":{"line":94,"column":10},"end":{"line":94,"column":27}},"47":{"start":{"line":95,"column":10},"end":{"line":95,"column":26}},"48":{"start":{"line":96,"column":10},"end":{"line":96,"column":44}},"49":{"start":{"line":97,"column":10},"end":{"line":97,"column":48}},"50":{"start":{"line":101,"column":8},"end":{"line":101,"column":26}},"51":{"start":{"line":102,"column":8},"end":{"line":102,"column":21}},"52":{"start":{"line":103,"column":8},"end":{"line":103,"column":32}},"53":{"start":{"line":105,"column":6},"end":{"line":147,"column":7}},"54":{"start":{"line":106,"column":8},"end":{"line":146,"column":11}},"55":{"start":{"line":107,"column":10},"end":{"line":130,"column":11}},"56":{"start":{"line":110,"column":12},"end":{"line":110,"column":27}},"57":{"start":{"line":111,"column":12},"end":{"line":111,"column":32}},"58":{"start":{"line":112,"column":12},"end":{"line":112,"column":47}},"59":{"start":{"line":115,"column":12},"end":{"line":123,"column":13}},"60":{"start":{"line":117,"column":14},"end":{"line":117,"column":28}},"61":{"start":{"line":118,"column":14},"end":{"line":118,"column":46}},"62":{"start":{"line":121,"column":14},"end":{"line":121,"column":27}},"63":{"start":{"line":122,"column":14},"end":{"line":122,"column":46}},"64":{"start":{"line":125,"column":12},"end":{"line":125,"column":28}},"65":{"start":{"line":132,"column":11},"end":{"line":144,"column":39}},"66":{"start":{"line":138,"column":14},"end":{"line":140,"column":15}},"67":{"start":{"line":139,"column":16},"end":{"line":139,"column":40}},"68":{"start":{"line":142,"column":14},"end":{"line":142,"column":52}},"69":{"start":{"line":144,"column":28},"end":{"line":144,"column":37}},"70":{"start":{"line":149,"column":20},"end":{"line":149,"column":29}},"71":{"start":{"line":153,"column":0},"end":{"line":153,"column":23}},"72":{"start":{"line":155,"column":0},"end":{"line":157,"column":3}},"73":{"start":{"line":156,"column":2},"end":{"line":156,"column":23}},"74":{"start":{"line":159,"column":0},"end":{"line":163,"column":3}},"75":{"start":{"line":160,"column":2},"end":{"line":162,"column":5}},"76":{"start":{"line":161,"column":4},"end":{"line":161,"column":20}},"77":{"start":{"line":170,"column":2},"end":{"line":175,"column":3}},"78":{"start":{"line":174,"column":4},"end":{"line":174,"column":18}},"79":{"start":{"line":179,"column":2},"end":{"line":179,"column":52}},"80":{"start":{"line":183,"column":2},"end":{"line":183,"column":39}},"81":{"start":{"line":184,"column":2},"end":{"line":186,"column":3}},"82":{"start":{"line":185,"column":4},"end":{"line":185,"column":27}},"83":{"start":{"line":188,"column":2},"end":{"line":188,"column":16}},"84":{"start":{"line":195,"column":2},"end":{"line":214,"column":4}},"85":{"start":{"line":218,"column":17},"end":{"line":218,"column":38}},"86":{"start":{"line":220,"column":2},"end":{"line":222,"column":3}},"87":{"start":{"line":221,"column":4},"end":{"line":221,"column":18}},"88":{"start":{"line":224,"column":14},"end":{"line":224,"column":31}},"89":{"start":{"line":225,"column":2},"end":{"line":225,"column":62}},"90":{"start":{"line":230,"column":2},"end":{"line":230,"column":53}},"91":{"start":{"line":236,"column":19},"end":{"line":236,"column":28}},"92":{"start":{"line":237,"column":0},"end":{"line":237,"column":23}},"93":{"start":{"line":239,"column":13},"end":{"line":239,"column":37}},"94":{"start":{"line":242,"column":0},"end":{"line":244,"column":3}},"95":{"start":{"line":243,"column":2},"end":{"line":243,"column":48}},"96":{"start":{"line":273,"column":0},"end":{"line":273,"column":29}},"97":{"start":{"line":274,"column":0},"end":{"line":274,"column":33}},"98":{"start":{"line":275,"column":0},"end":{"line":275,"column":34}},"99":{"start":{"line":276,"column":0},"end":{"line":276,"column":58}},"100":{"start":{"line":277,"column":0},"end":{"line":277,"column":56}},"101":{"start":{"line":278,"column":0},"end":{"line":278,"column":30}},"102":{"start":{"line":279,"column":0},"end":{"line":279,"column":24}},"103":{"start":{"line":280,"column":0},"end":{"line":280,"column":41}},"104":{"start":{"line":282,"column":0},"end":{"line":288,"column":4}},"105":{"start":{"line":289,"column":0},"end":{"line":289,"column":31}},"106":{"start":{"line":290,"column":0},"end":{"line":290,"column":63}},"107":{"start":{"line":291,"column":0},"end":{"line":291,"column":38}},"108":{"start":{"line":292,"column":0},"end":{"line":292,"column":35}},"109":{"start":{"line":293,"column":0},"end":{"line":293,"column":42}},"110":{"start":{"line":294,"column":0},"end":{"line":300,"column":3}},"111":{"start":{"line":295,"column":2},"end":{"line":295,"column":69}},"112":{"start":{"line":297,"column":2},"end":{"line":297,"column":57}},"113":{"start":{"line":298,"column":2},"end":{"line":298,"column":95}},"114":{"start":{"line":299,"column":2},"end":{"line":299,"column":9}},"115":{"start":{"line":303,"column":0},"end":{"line":313,"column":2}},"116":{"start":{"line":315,"column":0},"end":{"line":315,"column":49}},"117":{"start":{"line":316,"column":0},"end":{"line":316,"column":50}},"118":{"start":{"line":317,"column":0},"end":{"line":317,"column":52}},"119":{"start":{"line":318,"column":0},"end":{"line":318,"column":44}},"120":{"start":{"line":319,"column":0},"end":{"line":319,"column":43}}},"fnMap":{"0":{"name":"(anonymous_0)","decl":{"start":{"line":31,"column":3},"end":{"line":31,"column":4}},"loc":{"start":{"line":31,"column":12},"end":{"line":39,"column":1}},"line":31},"1":{"name":"(anonymous_1)","decl":{"start":{"line":45,"column":15},"end":{"line":45,"column":16}},"loc":{"start":{"line":45,"column":34},"end":{"line":47,"column":3}},"line":45},"2":{"name":"(anonymous_2)","decl":{"start":{"line":48,"column":12},"end":{"line":48,"column":13}},"loc":{"start":{"line":48,"column":31},"end":{"line":51,"column":3}},"line":48},"3":{"name":"(anonymous_3)","decl":{"start":{"line":59,"column":63},"end":{"line":59,"column":64}},"loc":{"start":{"line":59,"column":90},"end":{"line":151,"column":1}},"line":59},"4":{"name":"(anonymous_4)","decl":{"start":{"line":75,"column":10},"end":{"line":75,"column":11}},"loc":{"start":{"line":75,"column":20},"end":{"line":148,"column":5}},"line":75},"5":{"name":"(anonymous_5)","decl":{"start":{"line":106,"column":48},"end":{"line":106,"column":49}},"loc":{"start":{"line":106,"column":69},"end":{"line":146,"column":9}},"line":106},"6":{"name":"(anonymous_6)","decl":{"start":{"line":137,"column":18},"end":{"line":137,"column":19}},"loc":{"start":{"line":137,"column":24},"end":{"line":143,"column":13}},"line":137},"7":{"name":"(anonymous_7)","decl":{"start":{"line":144,"column":19},"end":{"line":144,"column":20}},"loc":{"start":{"line":144,"column":28},"end":{"line":144,"column":37}},"line":144},"8":{"name":"(anonymous_8)","decl":{"start":{"line":149,"column":11},"end":{"line":149,"column":12}},"loc":{"start":{"line":149,"column":20},"end":{"line":149,"column":29}},"line":149},"9":{"name":"(anonymous_9)","decl":{"start":{"line":155,"column":23},"end":{"line":155,"column":24}},"loc":{"start":{"line":155,"column":39},"end":{"line":157,"column":1}},"line":155},"10":{"name":"(anonymous_10)","decl":{"start":{"line":159,"column":25},"end":{"line":159,"column":26}},"loc":{"start":{"line":159,"column":39},"end":{"line":163,"column":1}},"line":159},"11":{"name":"(anonymous_11)","decl":{"start":{"line":160,"column":20},"end":{"line":160,"column":21}},"loc":{"start":{"line":160,"column":35},"end":{"line":162,"column":3}},"line":160},"12":{"name":"checkAuthenticated","decl":{"start":{"line":169,"column":9},"end":{"line":169,"column":27}},"loc":{"start":{"line":169,"column":44},"end":{"line":180,"column":1}},"line":169},"13":{"name":"checkNotAuthenticated","decl":{"start":{"line":182,"column":9},"end":{"line":182,"column":30}},"loc":{"start":{"line":182,"column":47},"end":{"line":189,"column":1}},"line":182},"14":{"name":"checkAndSanitizeInput","decl":{"start":{"line":194,"column":9},"end":{"line":194,"column":30}},"loc":{"start":{"line":194,"column":33},"end":{"line":215,"column":1}},"line":194},"15":{"name":"handleInputCheck","decl":{"start":{"line":217,"column":9},"end":{"line":217,"column":25}},"loc":{"start":{"line":217,"column":42},"end":{"line":226,"column":1}},"line":217},"16":{"name":"sendDatabaseErrorResponse","decl":{"start":{"line":229,"column":9},"end":{"line":229,"column":34}},"loc":{"start":{"line":229,"column":45},"end":{"line":231,"column":1}},"line":229},"17":{"name":"(anonymous_17)","decl":{"start":{"line":242,"column":24},"end":{"line":242,"column":25}},"loc":{"start":{"line":242,"column":30},"end":{"line":244,"column":1}},"line":242},"18":{"name":"(anonymous_18)","decl":{"start":{"line":294,"column":15},"end":{"line":294,"column":16}},"loc":{"start":{"line":294,"column":35},"end":{"line":300,"column":1}},"line":294}},"branchMap":{"0":{"loc":{"start":{"line":32,"column":2},"end":{"line":38,"column":3}},"type":"if","locations":[{"start":{"line":32,"column":2},"end":{"line":38,"column":3}},{"start":{"line":32,"column":2},"end":{"line":38,"column":3}}],"line":32},"1":{"loc":{"start":{"line":77,"column":6},"end":{"line":82,"column":7}},"type":"if","locations":[{"start":{"line":77,"column":6},"end":{"line":82,"column":7}},{"start":{"line":77,"column":6},"end":{"line":82,"column":7}}],"line":77},"2":{"loc":{"start":{"line":89,"column":6},"end":{"line":104,"column":7}},"type":"if","locations":[{"start":{"line":89,"column":6},"end":{"line":104,"column":7}},{"start":{"line":89,"column":6},"end":{"line":104,"column":7}}],"line":89},"3":{"loc":{"start":{"line":91,"column":8},"end":{"line":98,"column":9}},"type":"if","locations":[{"start":{"line":91,"column":8},"end":{"line":98,"column":9}},{"start":{"line":91,"column":8},"end":{"line":98,"column":9}}],"line":91},"4":{"loc":{"start":{"line":91,"column":12},"end":{"line":91,"column":83}},"type":"binary-expr","locations":[{"start":{"line":91,"column":12},"end":{"line":91,"column":34}},{"start":{"line":91,"column":38},"end":{"line":91,"column":83}}],"line":91},"5":{"loc":{"start":{"line":105,"column":6},"end":{"line":147,"column":7}},"type":"if","locations":[{"start":{"line":105,"column":6},"end":{"line":147,"column":7}},{"start":{"line":105,"column":6},"end":{"line":147,"column":7}}],"line":105},"6":{"loc":{"start":{"line":107,"column":10},"end":{"line":130,"column":11}},"type":"if","locations":[{"start":{"line":107,"column":10},"end":{"line":130,"column":11}},{"start":{"line":107,"column":10},"end":{"line":130,"column":11}}],"line":107},"7":{"loc":{"start":{"line":115,"column":12},"end":{"line":123,"column":13}},"type":"if","locations":[{"start":{"line":115,"column":12},"end":{"line":123,"column":13}},{"start":{"line":115,"column":12},"end":{"line":123,"column":13}}],"line":115},"8":{"loc":{"start":{"line":115,"column":16},"end":{"line":115,"column":87}},"type":"binary-expr","locations":[{"start":{"line":115,"column":16},"end":{"line":115,"column":38}},{"start":{"line":115,"column":42},"end":{"line":115,"column":87}}],"line":115},"9":{"loc":{"start":{"line":138,"column":14},"end":{"line":140,"column":15}},"type":"if","locations":[{"start":{"line":138,"column":14},"end":{"line":140,"column":15}},{"start":{"line":138,"column":14},"end":{"line":140,"column":15}}],"line":138},"10":{"loc":{"start":{"line":170,"column":2},"end":{"line":175,"column":3}},"type":"if","locations":[{"start":{"line":170,"column":2},"end":{"line":175,"column":3}},{"start":{"line":170,"column":2},"end":{"line":175,"column":3}}],"line":170},"11":{"loc":{"start":{"line":184,"column":2},"end":{"line":186,"column":3}},"type":"if","locations":[{"start":{"line":184,"column":2},"end":{"line":186,"column":3}},{"start":{"line":184,"column":2},"end":{"line":186,"column":3}}],"line":184},"12":{"loc":{"start":{"line":220,"column":2},"end":{"line":222,"column":3}},"type":"if","locations":[{"start":{"line":220,"column":2},"end":{"line":222,"column":3}},{"start":{"line":220,"column":2},"end":{"line":222,"column":3}}],"line":220},"13":{"loc":{"start":{"line":239,"column":13},"end":{"line":239,"column":37}},"type":"binary-expr","locations":[{"start":{"line":239,"column":13},"end":{"line":239,"column":29}},{"start":{"line":239,"column":33},"end":{"line":239,"column":37}}],"line":239}},"s":{"0":1,"1":1,"2":1,"3":1,"4":1,"5":1,"6":1,"7":1,"8":1,"9":1,"10":1,"11":1,"12":1,"13":1,"14":1,"15":1,"16":1,"17":1,"18":1,"19":1,"20":1,"21":1,"22":1,"23":0,"24":1,"25":1,"26":0,"27":0,"28":0,"29":1,"30":1,"31":7,"32":7,"33":7,"34":7,"35":7,"36":7,"37":7,"38":7,"39":0,"40":0,"41":0,"42":7,"43":7,"44":7,"45":1,"46":1,"47":1,"48":1,"49":1,"50":0,"51":0,"52":0,"53":6,"54":6,"55":6,"56":1,"57":1,"58":1,"59":5,"60":3,"61":3,"62":2,"63":2,"64":5,"65":5,"66":5,"67":0,"68":5,"69":0,"70":0,"71":1,"72":1,"73":1,"74":1,"75":2,"76":2,"77":2,"78":1,"79":1,"80":14,"81":14,"82":1,"83":13,"84":1,"85":5,"86":5,"87":5,"88":0,"89":0,"90":0,"91":1,"92":1,"93":1,"94":1,"95":1,"96":1,"97":1,"98":1,"99":1,"100":1,"101":1,"102":1,"103":1,"104":1,"105":1,"106":1,"107":1,"108":1,"109":1,"110":1,"111":22,"112":22,"113":22,"114":22,"115":1,"116":1,"117":1,"118":1,"119":1,"120":1},"f":{"0":1,"1":0,"2":0,"3":7,"4":7,"5":6,"6":5,"7":0,"8":0,"9":1,"10":2,"11":2,"12":2,"13":14,"14":1,"15":5,"16":0,"17":1,"18":22},"b":{"0":[0,1],"1":[0,7],"2":[1,6],"3":[1,0],"4":[1,1],"5":[6,0],"6":[1,5],"7":[3,2],"8":[5,3],"9":[0,5],"10":[1,1],"11":[1,13],"12":[5,0],"13":[1,1]},"_coverageSchema":"1a1c01bbd47fc00a2c39e90264f33305004495a9","hash":"9a5128c722f44351ca40af185bd70f016ff88231"}
,"/Users/weichuwang/Desktop/project-video-and-messaging-web-app-guozhe-weichu-yuguang/api/model/message.js": {"path":"/Users/weichuwang/Desktop/project-video-and-messaging-web-app-guozhe-weichu-yuguang/api/model/message.js","statementMap":{"0":{"start":{"line":1,"column":17},"end":{"line":1,"column":36}},"1":{"start":{"line":3,"column":22},"end":{"line":43,"column":2}},"2":{"start":{"line":45,"column":16},"end":{"line":45,"column":56}},"3":{"start":{"line":47,"column":0},"end":{"line":47,"column":25}}},"fnMap":{},"branchMap":{},"s":{"0":1,"1":1,"2":1,"3":1},"f":{},"b":{},"_coverageSchema":"1a1c01bbd47fc00a2c39e90264f33305004495a9","hash":"ea8c48f0fe84854395ed2f229a5c49ec48bfcc63"}
,"/Users/weichuwang/Desktop/project-video-and-messaging-web-app-guozhe-weichu-yuguang/api/model/room.js": {"path":"/Users/weichuwang/Desktop/project-video-and-messaging-web-app-guozhe-weichu-yuguang/api/model/room.js","statementMap":{"0":{"start":{"line":9,"column":17},"end":{"line":9,"column":36}},"1":{"start":{"line":11,"column":19},"end":{"line":27,"column":2}},"2":{"start":{"line":29,"column":13},"end":{"line":29,"column":47}},"3":{"start":{"line":31,"column":0},"end":{"line":31,"column":22}}},"fnMap":{},"branchMap":{},"s":{"0":1,"1":1,"2":1,"3":1},"f":{},"b":{},"_coverageSchema":"1a1c01bbd47fc00a2c39e90264f33305004495a9","hash":"18bd5cf172286ad855a86232c7e4a521bc697d5b"}
,"/Users/weichuwang/Desktop/project-video-and-messaging-web-app-guozhe-weichu-yuguang/api/model/status.js": {"path":"/Users/weichuwang/Desktop/project-video-and-messaging-web-app-guozhe-weichu-yuguang/api/model/status.js","statementMap":{"0":{"start":{"line":1,"column":17},"end":{"line":1,"column":36}},"1":{"start":{"line":5,"column":21},"end":{"line":30,"column":4}},"2":{"start":{"line":36,"column":15},"end":{"line":36,"column":53}},"3":{"start":{"line":38,"column":0},"end":{"line":38,"column":24}}},"fnMap":{},"branchMap":{},"s":{"0":1,"1":1,"2":1,"3":1},"f":{},"b":{},"_coverageSchema":"1a1c01bbd47fc00a2c39e90264f33305004495a9","hash":"cf2a2314d2b465186954c82e8e7164d8a0f6badf"}
,"/Users/weichuwang/Desktop/project-video-and-messaging-web-app-guozhe-weichu-yuguang/api/model/user.js": {"path":"/Users/weichuwang/Desktop/project-video-and-messaging-web-app-guozhe-weichu-yuguang/api/model/user.js","statementMap":{"0":{"start":{"line":6,"column":17},"end":{"line":6,"column":36}},"1":{"start":{"line":8,"column":15},"end":{"line":8,"column":30}},"2":{"start":{"line":9,"column":30},"end":{"line":9,"column":64}},"3":{"start":{"line":13,"column":22},"end":{"line":22,"column":2}},"4":{"start":{"line":52,"column":19},"end":{"line":89,"column":2}},"5":{"start":{"line":91,"column":0},"end":{"line":91,"column":41}},"6":{"start":{"line":96,"column":0},"end":{"line":96,"column":52}}},"fnMap":{},"branchMap":{},"s":{"0":1,"1":1,"2":1,"3":1,"4":1,"5":1,"6":1},"f":{},"b":{},"_coverageSchema":"1a1c01bbd47fc00a2c39e90264f33305004495a9","hash":"e6ad9a42fa73c36ad2aa8d66ac544f5eb912375a"}
,"/Users/weichuwang/Desktop/project-video-and-messaging-web-app-guozhe-weichu-yuguang/api/routes/authenRouter.js": {"path":"/Users/weichuwang/Desktop/project-video-and-messaging-web-app-guozhe-weichu-yuguang/api/routes/authenRouter.js","statementMap":{"0":{"start":{"line":2,"column":15},"end":{"line":2,"column":34}},"1":{"start":{"line":3,"column":16},"end":{"line":3,"column":34}},"2":{"start":{"line":4,"column":11},"end":{"line":4,"column":24}},"3":{"start":{"line":5,"column":13},"end":{"line":5,"column":28}},"4":{"start":{"line":6,"column":13},"end":{"line":6,"column":37}},"5":{"start":{"line":7,"column":30},"end":{"line":7,"column":64}},"6":{"start":{"line":8,"column":21},"end":{"line":8,"column":38}},"7":{"start":{"line":9,"column":19},"end":{"line":9,"column":36}},"8":{"start":{"line":10,"column":21},"end":{"line":10,"column":46}},"9":{"start":{"line":11,"column":31},"end":{"line":11,"column":48}},"10":{"start":{"line":12,"column":34},"end":{"line":12,"column":51}},"11":{"start":{"line":13,"column":38},"end":{"line":13,"column":55}},"12":{"start":{"line":19,"column":4},"end":{"line":19,"column":21}},"13":{"start":{"line":20,"column":21},"end":{"line":20,"column":40}},"14":{"start":{"line":22,"column":15},"end":{"line":22,"column":31}},"15":{"start":{"line":24,"column":0},"end":{"line":105,"column":5}},"16":{"start":{"line":31,"column":20},"end":{"line":31,"column":34}},"17":{"start":{"line":32,"column":23},"end":{"line":32,"column":40}},"18":{"start":{"line":33,"column":22},"end":{"line":33,"column":39}},"19":{"start":{"line":34,"column":29},"end":{"line":34,"column":39}},"20":{"start":{"line":49,"column":4},"end":{"line":104,"column":5}},"21":{"start":{"line":51,"column":29},"end":{"line":51,"column":60}},"22":{"start":{"line":52,"column":18},"end":{"line":52,"column":91}},"23":{"start":{"line":53,"column":6},"end":{"line":100,"column":11}},"24":{"start":{"line":55,"column":10},"end":{"line":99,"column":11}},"25":{"start":{"line":56,"column":12},"end":{"line":56,"column":28}},"26":{"start":{"line":57,"column":12},"end":{"line":57,"column":70}},"27":{"start":{"line":59,"column":12},"end":{"line":98,"column":17}},"28":{"start":{"line":61,"column":16},"end":{"line":97,"column":17}},"29":{"start":{"line":62,"column":18},"end":{"line":62,"column":34}},"30":{"start":{"line":63,"column":18},"end":{"line":63,"column":74}},"31":{"start":{"line":85,"column":34},"end":{"line":93,"column":20}},"32":{"start":{"line":94,"column":18},"end":{"line":96,"column":73}},"33":{"start":{"line":95,"column":32},"end":{"line":95,"column":51}},"34":{"start":{"line":96,"column":36},"end":{"line":96,"column":71}},"35":{"start":{"line":103,"column":6},"end":{"line":103,"column":66}},"36":{"start":{"line":108,"column":0},"end":{"line":119,"column":5}},"37":{"start":{"line":113,"column":4},"end":{"line":113,"column":24}},"38":{"start":{"line":117,"column":4},"end":{"line":117,"column":20}},"39":{"start":{"line":118,"column":4},"end":{"line":118,"column":40}},"40":{"start":{"line":121,"column":0},"end":{"line":172,"column":3}},"41":{"start":{"line":123,"column":4},"end":{"line":171,"column":5}},"42":{"start":{"line":125,"column":6},"end":{"line":170,"column":7}},"43":{"start":{"line":126,"column":8},"end":{"line":126,"column":51}},"44":{"start":{"line":129,"column":8},"end":{"line":169,"column":9}},"45":{"start":{"line":131,"column":10},"end":{"line":131,"column":30}},"46":{"start":{"line":136,"column":30},"end":{"line":136,"column":73}},"47":{"start":{"line":141,"column":10},"end":{"line":141,"column":38}},"48":{"start":{"line":142,"column":10},"end":{"line":152,"column":15}},"49":{"start":{"line":145,"column":14},"end":{"line":145,"column":40}},"50":{"start":{"line":146,"column":14},"end":{"line":146,"column":65}},"51":{"start":{"line":150,"column":14},"end":{"line":150,"column":29}},"52":{"start":{"line":151,"column":14},"end":{"line":151,"column":62}},"53":{"start":{"line":175,"column":0},"end":{"line":180,"column":3}},"54":{"start":{"line":178,"column":2},"end":{"line":178,"column":15}},"55":{"start":{"line":179,"column":2},"end":{"line":179,"column":22}},"56":{"start":{"line":182,"column":0},"end":{"line":188,"column":3}},"57":{"start":{"line":183,"column":2},"end":{"line":187,"column":3}},"58":{"start":{"line":184,"column":4},"end":{"line":184,"column":24}},"59":{"start":{"line":186,"column":4},"end":{"line":186,"column":24}},"60":{"start":{"line":190,"column":0},"end":{"line":190,"column":24}}},"fnMap":{"0":{"name":"(anonymous_0)","decl":{"start":{"line":28,"column":2},"end":{"line":28,"column":3}},"loc":{"start":{"line":28,"column":22},"end":{"line":105,"column":3}},"line":28},"1":{"name":"(anonymous_1)","decl":{"start":{"line":54,"column":14},"end":{"line":54,"column":15}},"loc":{"start":{"line":54,"column":36},"end":{"line":100,"column":9}},"line":54},"2":{"name":"(anonymous_2)","decl":{"start":{"line":60,"column":20},"end":{"line":60,"column":21}},"loc":{"start":{"line":60,"column":45},"end":{"line":98,"column":15}},"line":60},"3":{"name":"(anonymous_3)","decl":{"start":{"line":95,"column":26},"end":{"line":95,"column":27}},"loc":{"start":{"line":95,"column":32},"end":{"line":95,"column":51}},"line":95},"4":{"name":"(anonymous_4)","decl":{"start":{"line":96,"column":27},"end":{"line":96,"column":28}},"loc":{"start":{"line":96,"column":36},"end":{"line":96,"column":71}},"line":96},"5":{"name":"(anonymous_5)","decl":{"start":{"line":111,"column":2},"end":{"line":111,"column":3}},"loc":{"start":{"line":111,"column":16},"end":{"line":114,"column":3}},"line":111},"6":{"name":"(anonymous_6)","decl":{"start":{"line":115,"column":2},"end":{"line":115,"column":3}},"loc":{"start":{"line":115,"column":16},"end":{"line":119,"column":3}},"line":115},"7":{"name":"(anonymous_7)","decl":{"start":{"line":122,"column":3},"end":{"line":122,"column":4}},"loc":{"start":{"line":122,"column":22},"end":{"line":172,"column":1}},"line":122},"8":{"name":"(anonymous_8)","decl":{"start":{"line":123,"column":44},"end":{"line":123,"column":45}},"loc":{"start":{"line":123,"column":65},"end":{"line":171,"column":3}},"line":123},"9":{"name":"(anonymous_9)","decl":{"start":{"line":143,"column":16},"end":{"line":143,"column":17}},"loc":{"start":{"line":144,"column":12},"end":{"line":147,"column":13}},"line":144},"10":{"name":"(anonymous_10)","decl":{"start":{"line":148,"column":17},"end":{"line":148,"column":18}},"loc":{"start":{"line":149,"column":12},"end":{"line":152,"column":13}},"line":149},"11":{"name":"(anonymous_11)","decl":{"start":{"line":177,"column":2},"end":{"line":177,"column":3}},"loc":{"start":{"line":177,"column":16},"end":{"line":180,"column":1}},"line":177},"12":{"name":"(anonymous_12)","decl":{"start":{"line":182,"column":27},"end":{"line":182,"column":28}},"loc":{"start":{"line":182,"column":41},"end":{"line":188,"column":1}},"line":182}},"branchMap":{"0":{"loc":{"start":{"line":55,"column":10},"end":{"line":99,"column":11}},"type":"if","locations":[{"start":{"line":55,"column":10},"end":{"line":99,"column":11}},{"start":{"line":55,"column":10},"end":{"line":99,"column":11}}],"line":55},"1":{"loc":{"start":{"line":61,"column":16},"end":{"line":97,"column":17}},"type":"if","locations":[{"start":{"line":61,"column":16},"end":{"line":97,"column":17}},{"start":{"line":61,"column":16},"end":{"line":97,"column":17}}],"line":61},"2":{"loc":{"start":{"line":125,"column":6},"end":{"line":170,"column":7}},"type":"if","locations":[{"start":{"line":125,"column":6},"end":{"line":170,"column":7}},{"start":{"line":125,"column":6},"end":{"line":170,"column":7}}],"line":125},"3":{"loc":{"start":{"line":129,"column":8},"end":{"line":169,"column":9}},"type":"if","locations":[{"start":{"line":129,"column":8},"end":{"line":169,"column":9}},{"start":{"line":129,"column":8},"end":{"line":169,"column":9}}],"line":129},"4":{"loc":{"start":{"line":183,"column":2},"end":{"line":187,"column":3}},"type":"if","locations":[{"start":{"line":183,"column":2},"end":{"line":187,"column":3}},{"start":{"line":183,"column":2},"end":{"line":187,"column":3}}],"line":183}},"s":{"0":1,"1":1,"2":1,"3":1,"4":1,"5":1,"6":1,"7":1,"8":1,"9":1,"10":1,"11":1,"12":1,"13":1,"14":1,"15":1,"16":5,"17":5,"18":5,"19":5,"20":5,"21":5,"22":5,"23":5,"24":5,"25":2,"26":2,"27":3,"28":3,"29":0,"30":0,"31":3,"32":3,"33":3,"34":0,"35":0,"36":1,"37":1,"38":0,"39":0,"40":1,"41":0,"42":0,"43":0,"44":0,"45":0,"46":0,"47":0,"48":0,"49":0,"50":0,"51":0,"52":0,"53":1,"54":1,"55":1,"56":1,"57":2,"58":1,"59":1,"60":1},"f":{"0":5,"1":5,"2":3,"3":3,"4":0,"5":1,"6":0,"7":0,"8":0,"9":0,"10":0,"11":1,"12":2},"b":{"0":[2,3],"1":[0,3],"2":[0,0],"3":[0,0],"4":[1,1]},"_coverageSchema":"1a1c01bbd47fc00a2c39e90264f33305004495a9","hash":"c0cfca6a354ffc94c89f399b488ab7fea3a13a4f"}
,"/Users/weichuwang/Desktop/project-video-and-messaging-web-app-guozhe-weichu-yuguang/api/routes/config.js": {"path":"/Users/weichuwang/Desktop/project-video-and-messaging-web-app-guozhe-weichu-yuguang/api/routes/config.js","statementMap":{"0":{"start":{"line":1,"column":0},"end":{"line":7,"column":4}}},"fnMap":{},"branchMap":{},"s":{"0":1},"f":{},"b":{},"_coverageSchema":"1a1c01bbd47fc00a2c39e90264f33305004495a9","hash":"f53ebb7e22d652e9246a1f4335460a5a80cd4a1a"}
,"/Users/weichuwang/Desktop/project-video-and-messaging-web-app-guozhe-weichu-yuguang/api/routes/contact.js": {"path":"/Users/weichuwang/Desktop/project-video-and-messaging-web-app-guozhe-weichu-yuguang/api/routes/contact.js","statementMap":{"0":{"start":{"line":2,"column":16},"end":{"line":2,"column":34}},"1":{"start":{"line":3,"column":11},"end":{"line":3,"column":24}},"2":{"start":{"line":4,"column":21},"end":{"line":4,"column":46}},"3":{"start":{"line":5,"column":13},"end":{"line":5,"column":37}},"4":{"start":{"line":6,"column":16},"end":{"line":6,"column":43}},"5":{"start":{"line":7,"column":13},"end":{"line":7,"column":37}},"6":{"start":{"line":10,"column":31},"end":{"line":10,"column":48}},"7":{"start":{"line":11,"column":38},"end":{"line":11,"column":55}},"8":{"start":{"line":13,"column":15},"end":{"line":13,"column":31}},"9":{"start":{"line":15,"column":0},"end":{"line":32,"column":2}},"10":{"start":{"line":18,"column":6},"end":{"line":18,"column":29}},"11":{"start":{"line":19,"column":25},"end":{"line":19,"column":43}},"12":{"start":{"line":20,"column":21},"end":{"line":20,"column":58}},"13":{"start":{"line":21,"column":8},"end":{"line":30,"column":9}},"14":{"start":{"line":22,"column":29},"end":{"line":22,"column":46}},"15":{"start":{"line":23,"column":37},"end":{"line":23,"column":59}},"16":{"start":{"line":24,"column":32},"end":{"line":24,"column":88}},"17":{"start":{"line":25,"column":12},"end":{"line":25,"column":34}},"18":{"start":{"line":28,"column":12},"end":{"line":28,"column":43}},"19":{"start":{"line":29,"column":12},"end":{"line":29,"column":32}},"20":{"start":{"line":34,"column":0},"end":{"line":70,"column":2}},"21":{"start":{"line":37,"column":6},"end":{"line":37,"column":29}},"22":{"start":{"line":38,"column":25},"end":{"line":38,"column":43}},"23":{"start":{"line":39,"column":21},"end":{"line":39,"column":58}},"24":{"start":{"line":40,"column":8},"end":{"line":68,"column":9}},"25":{"start":{"line":41,"column":27},"end":{"line":41,"column":44}},"26":{"start":{"line":42,"column":35},"end":{"line":42,"column":37}},"27":{"start":{"line":43,"column":10},"end":{"line":61,"column":14}},"28":{"start":{"line":45,"column":25},"end":{"line":45,"column":119}},"29":{"start":{"line":46,"column":12},"end":{"line":60,"column":13}},"30":{"start":{"line":47,"column":38},"end":{"line":47,"column":81}},"31":{"start":{"line":48,"column":36},"end":{"line":48,"column":87}},"32":{"start":{"line":49,"column":14},"end":{"line":55,"column":15}},"33":{"start":{"line":50,"column":16},"end":{"line":50,"column":98}},"34":{"start":{"line":54,"column":16},"end":{"line":54,"column":103}},"35":{"start":{"line":59,"column":14},"end":{"line":59,"column":101}},"36":{"start":{"line":62,"column":10},"end":{"line":62,"column":40}},"37":{"start":{"line":63,"column":10},"end":{"line":63,"column":37}},"38":{"start":{"line":66,"column":12},"end":{"line":66,"column":43}},"39":{"start":{"line":67,"column":12},"end":{"line":67,"column":32}},"40":{"start":{"line":72,"column":0},"end":{"line":121,"column":1}},"41":{"start":{"line":74,"column":26},"end":{"line":74,"column":46}},"42":{"start":{"line":75,"column":24},"end":{"line":75,"column":41}},"43":{"start":{"line":77,"column":8},"end":{"line":77,"column":43}},"44":{"start":{"line":78,"column":8},"end":{"line":78,"column":40}},"45":{"start":{"line":79,"column":25},"end":{"line":81,"column":9}},"46":{"start":{"line":83,"column":8},"end":{"line":117,"column":17}},"47":{"start":{"line":84,"column":12},"end":{"line":84,"column":44}},"48":{"start":{"line":85,"column":12},"end":{"line":85,"column":32}},"49":{"start":{"line":88,"column":12},"end":{"line":88,"column":49}},"50":{"start":{"line":91,"column":41},"end":{"line":91,"column":76}},"51":{"start":{"line":93,"column":20},"end":{"line":115,"column":21}},"52":{"start":{"line":95,"column":24},"end":{"line":110,"column":21}},"53":{"start":{"line":97,"column":24},"end":{"line":97,"column":65}},"54":{"start":{"line":98,"column":24},"end":{"line":98,"column":66}},"55":{"start":{"line":99,"column":24},"end":{"line":99,"column":44}},"56":{"start":{"line":101,"column":40},"end":{"line":101,"column":77}},"57":{"start":{"line":102,"column":24},"end":{"line":102,"column":59}},"58":{"start":{"line":103,"column":24},"end":{"line":103,"column":39}},"59":{"start":{"line":105,"column":24},"end":{"line":105,"column":38}},"60":{"start":{"line":108,"column":24},"end":{"line":108,"column":81}},"61":{"start":{"line":109,"column":24},"end":{"line":109,"column":44}},"62":{"start":{"line":113,"column":24},"end":{"line":113,"column":48}},"63":{"start":{"line":114,"column":24},"end":{"line":114,"column":44}},"64":{"start":{"line":123,"column":0},"end":{"line":160,"column":2}},"65":{"start":{"line":124,"column":20},"end":{"line":124,"column":37}},"66":{"start":{"line":125,"column":24},"end":{"line":125,"column":44}},"67":{"start":{"line":127,"column":21},"end":{"line":129,"column":5}},"68":{"start":{"line":131,"column":4},"end":{"line":134,"column":5}},"69":{"start":{"line":132,"column":8},"end":{"line":132,"column":40}},"70":{"start":{"line":133,"column":8},"end":{"line":133,"column":28}},"71":{"start":{"line":136,"column":25},"end":{"line":136,"column":60}},"72":{"start":{"line":137,"column":4},"end":{"line":158,"column":5}},"73":{"start":{"line":138,"column":18},"end":{"line":138,"column":64}},"74":{"start":{"line":141,"column":8},"end":{"line":157,"column":9}},"75":{"start":{"line":142,"column":12},"end":{"line":142,"column":54}},"76":{"start":{"line":143,"column":12},"end":{"line":143,"column":32}},"77":{"start":{"line":145,"column":32},"end":{"line":145,"column":70}},"78":{"start":{"line":148,"column":12},"end":{"line":151,"column":16}},"79":{"start":{"line":149,"column":16},"end":{"line":149,"column":60}},"80":{"start":{"line":150,"column":16},"end":{"line":150,"column":32}},"81":{"start":{"line":153,"column":12},"end":{"line":153,"column":32}},"82":{"start":{"line":156,"column":12},"end":{"line":156,"column":32}},"83":{"start":{"line":162,"column":0},"end":{"line":227,"column":3}},"84":{"start":{"line":166,"column":21},"end":{"line":166,"column":39}},"85":{"start":{"line":167,"column":27},"end":{"line":167,"column":36}},"86":{"start":{"line":168,"column":32},"end":{"line":168,"column":41}},"87":{"start":{"line":169,"column":27},"end":{"line":169,"column":28}},"88":{"start":{"line":171,"column":17},"end":{"line":171,"column":54}},"89":{"start":{"line":173,"column":4},"end":{"line":226,"column":3}},"90":{"start":{"line":174,"column":6},"end":{"line":174,"column":67}},"91":{"start":{"line":180,"column":4},"end":{"line":182,"column":7}},"92":{"start":{"line":181,"column":8},"end":{"line":181,"column":44}},"93":{"start":{"line":184,"column":4},"end":{"line":202,"column":7}},"94":{"start":{"line":185,"column":25},"end":{"line":186,"column":60}},"95":{"start":{"line":186,"column":24},"end":{"line":186,"column":59}},"96":{"start":{"line":187,"column":32},"end":{"line":187,"column":55}},"97":{"start":{"line":190,"column":6},"end":{"line":201,"column":7}},"98":{"start":{"line":190,"column":19},"end":{"line":190,"column":20}},"99":{"start":{"line":192,"column":8},"end":{"line":194,"column":9}},"100":{"start":{"line":193,"column":10},"end":{"line":193,"column":16}},"101":{"start":{"line":198,"column":8},"end":{"line":200,"column":9}},"102":{"start":{"line":199,"column":10},"end":{"line":199,"column":51}},"103":{"start":{"line":204,"column":4},"end":{"line":221,"column":5}},"104":{"start":{"line":207,"column":23},"end":{"line":208,"column":60}},"105":{"start":{"line":208,"column":24},"end":{"line":208,"column":59}},"106":{"start":{"line":210,"column":6},"end":{"line":220,"column":7}},"107":{"start":{"line":210,"column":19},"end":{"line":210,"column":20}},"108":{"start":{"line":212,"column":8},"end":{"line":214,"column":9}},"109":{"start":{"line":213,"column":10},"end":{"line":213,"column":48}},"110":{"start":{"line":217,"column":8},"end":{"line":219,"column":9}},"111":{"start":{"line":218,"column":10},"end":{"line":218,"column":16}},"112":{"start":{"line":224,"column":4},"end":{"line":224,"column":20}},"113":{"start":{"line":225,"column":4},"end":{"line":225,"column":41}},"114":{"start":{"line":237,"column":0},"end":{"line":237,"column":24}}},"fnMap":{"0":{"name":"(anonymous_0)","decl":{"start":{"line":17,"column":2},"end":{"line":17,"column":3}},"loc":{"start":{"line":17,"column":22},"end":{"line":31,"column":5}},"line":17},"1":{"name":"(anonymous_1)","decl":{"start":{"line":36,"column":2},"end":{"line":36,"column":3}},"loc":{"start":{"line":36,"column":22},"end":{"line":69,"column":5}},"line":36},"2":{"name":"(anonymous_2)","decl":{"start":{"line":43,"column":41},"end":{"line":43,"column":42}},"loc":{"start":{"line":43,"column":60},"end":{"line":61,"column":11}},"line":43},"3":{"name":"(anonymous_3)","decl":{"start":{"line":73,"column":19},"end":{"line":73,"column":20}},"loc":{"start":{"line":73,"column":38},"end":{"line":120,"column":9}},"line":73},"4":{"name":"(anonymous_4)","decl":{"start":{"line":123,"column":24},"end":{"line":123,"column":25}},"loc":{"start":{"line":123,"column":43},"end":{"line":160,"column":1}},"line":123},"5":{"name":"(anonymous_5)","decl":{"start":{"line":164,"column":0},"end":{"line":164,"column":1}},"loc":{"start":{"line":164,"column":20},"end":{"line":227,"column":1}},"line":164},"6":{"name":"(anonymous_6)","decl":{"start":{"line":180,"column":30},"end":{"line":180,"column":31}},"loc":{"start":{"line":180,"column":46},"end":{"line":182,"column":5}},"line":180},"7":{"name":"(anonymous_7)","decl":{"start":{"line":184,"column":30},"end":{"line":184,"column":31}},"loc":{"start":{"line":184,"column":49},"end":{"line":202,"column":5}},"line":184},"8":{"name":"(anonymous_8)","decl":{"start":{"line":186,"column":15},"end":{"line":186,"column":16}},"loc":{"start":{"line":186,"column":24},"end":{"line":186,"column":59}},"line":186},"9":{"name":"(anonymous_9)","decl":{"start":{"line":208,"column":15},"end":{"line":208,"column":16}},"loc":{"start":{"line":208,"column":24},"end":{"line":208,"column":59}},"line":208}},"branchMap":{"0":{"loc":{"start":{"line":21,"column":8},"end":{"line":30,"column":9}},"type":"if","locations":[{"start":{"line":21,"column":8},"end":{"line":30,"column":9}},{"start":{"line":21,"column":8},"end":{"line":30,"column":9}}],"line":21},"1":{"loc":{"start":{"line":40,"column":8},"end":{"line":68,"column":9}},"type":"if","locations":[{"start":{"line":40,"column":8},"end":{"line":68,"column":9}},{"start":{"line":40,"column":8},"end":{"line":68,"column":9}}],"line":40},"2":{"loc":{"start":{"line":46,"column":12},"end":{"line":60,"column":13}},"type":"if","locations":[{"start":{"line":46,"column":12},"end":{"line":60,"column":13}},{"start":{"line":46,"column":12},"end":{"line":60,"column":13}}],"line":46},"3":{"loc":{"start":{"line":49,"column":14},"end":{"line":55,"column":15}},"type":"if","locations":[{"start":{"line":49,"column":14},"end":{"line":55,"column":15}},{"start":{"line":49,"column":14},"end":{"line":55,"column":15}}],"line":49},"4":{"loc":{"start":{"line":83,"column":8},"end":{"line":117,"column":17}},"type":"if","locations":[{"start":{"line":83,"column":8},"end":{"line":117,"column":17}},{"start":{"line":83,"column":8},"end":{"line":117,"column":17}}],"line":83},"5":{"loc":{"start":{"line":93,"column":20},"end":{"line":115,"column":21}},"type":"if","locations":[{"start":{"line":93,"column":20},"end":{"line":115,"column":21}},{"start":{"line":93,"column":20},"end":{"line":115,"column":21}}],"line":93},"6":{"loc":{"start":{"line":95,"column":24},"end":{"line":110,"column":21}},"type":"if","locations":[{"start":{"line":95,"column":24},"end":{"line":110,"column":21}},{"start":{"line":95,"column":24},"end":{"line":110,"column":21}}],"line":95},"7":{"loc":{"start":{"line":131,"column":4},"end":{"line":134,"column":5}},"type":"if","locations":[{"start":{"line":131,"column":4},"end":{"line":134,"column":5}},{"start":{"line":131,"column":4},"end":{"line":134,"column":5}}],"line":131},"8":{"loc":{"start":{"line":137,"column":4},"end":{"line":158,"column":5}},"type":"if","locations":[{"start":{"line":137,"column":4},"end":{"line":158,"column":5}},{"start":{"line":137,"column":4},"end":{"line":158,"column":5}}],"line":137},"9":{"loc":{"start":{"line":141,"column":8},"end":{"line":157,"column":9}},"type":"if","locations":[{"start":{"line":141,"column":8},"end":{"line":157,"column":9}},{"start":{"line":141,"column":8},"end":{"line":157,"column":9}}],"line":141},"10":{"loc":{"start":{"line":148,"column":12},"end":{"line":151,"column":16}},"type":"if","locations":[{"start":{"line":148,"column":12},"end":{"line":151,"column":16}},{"start":{"line":148,"column":12},"end":{"line":151,"column":16}}],"line":148},"11":{"loc":{"start":{"line":173,"column":4},"end":{"line":226,"column":3}},"type":"if","locations":[{"start":{"line":173,"column":4},"end":{"line":226,"column":3}},{"start":{"line":173,"column":4},"end":{"line":226,"column":3}}],"line":173},"12":{"loc":{"start":{"line":192,"column":8},"end":{"line":194,"column":9}},"type":"if","locations":[{"start":{"line":192,"column":8},"end":{"line":194,"column":9}},{"start":{"line":192,"column":8},"end":{"line":194,"column":9}}],"line":192},"13":{"loc":{"start":{"line":198,"column":8},"end":{"line":200,"column":9}},"type":"if","locations":[{"start":{"line":198,"column":8},"end":{"line":200,"column":9}},{"start":{"line":198,"column":8},"end":{"line":200,"column":9}}],"line":198},"14":{"loc":{"start":{"line":198,"column":12},"end":{"line":198,"column":95}},"type":"binary-expr","locations":[{"start":{"line":198,"column":12},"end":{"line":198,"column":58}},{"start":{"line":198,"column":62},"end":{"line":198,"column":95}}],"line":198},"15":{"loc":{"start":{"line":204,"column":4},"end":{"line":221,"column":5}},"type":"if","locations":[{"start":{"line":204,"column":4},"end":{"line":221,"column":5}},{"start":{"line":204,"column":4},"end":{"line":221,"column":5}}],"line":204},"16":{"loc":{"start":{"line":212,"column":8},"end":{"line":214,"column":9}},"type":"if","locations":[{"start":{"line":212,"column":8},"end":{"line":214,"column":9}},{"start":{"line":212,"column":8},"end":{"line":214,"column":9}}],"line":212},"17":{"loc":{"start":{"line":217,"column":8},"end":{"line":219,"column":9}},"type":"if","locations":[{"start":{"line":217,"column":8},"end":{"line":219,"column":9}},{"start":{"line":217,"column":8},"end":{"line":219,"column":9}}],"line":217}},"s":{"0":1,"1":1,"2":1,"3":1,"4":1,"5":1,"6":1,"7":1,"8":1,"9":1,"10":1,"11":1,"12":1,"13":1,"14":0,"15":0,"16":0,"17":0,"18":1,"19":1,"20":1,"21":1,"22":1,"23":1,"24":1,"25":0,"26":0,"27":0,"28":0,"29":0,"30":0,"31":0,"32":0,"33":0,"34":0,"35":0,"36":0,"37":0,"38":1,"39":1,"40":1,"41":1,"42":1,"43":1,"44":1,"45":1,"46":1,"47":1,"48":1,"49":0,"50":0,"51":0,"52":0,"53":0,"54":0,"55":0,"56":0,"57":0,"58":0,"59":0,"60":0,"61":0,"62":0,"63":0,"64":1,"65":0,"66":0,"67":0,"68":0,"69":0,"70":0,"71":0,"72":0,"73":0,"74":0,"75":0,"76":0,"77":0,"78":0,"79":0,"80":0,"81":0,"82":0,"83":1,"84":1,"85":1,"86":1,"87":1,"88":1,"89":1,"90":1,"91":0,"92":0,"93":0,"94":0,"95":0,"96":0,"97":0,"98":0,"99":0,"100":0,"101":0,"102":0,"103":0,"104":0,"105":0,"106":0,"107":0,"108":0,"109":0,"110":0,"111":0,"112":0,"113":0,"114":1},"f":{"0":1,"1":1,"2":0,"3":1,"4":0,"5":1,"6":0,"7":0,"8":0,"9":0},"b":{"0":[0,1],"1":[0,1],"2":[0,0],"3":[0,0],"4":[1,0],"5":[0,0],"6":[0,0],"7":[0,0],"8":[0,0],"9":[0,0],"10":[0,0],"11":[1,0],"12":[0,0],"13":[0,0],"14":[0,0],"15":[0,0],"16":[0,0],"17":[0,0]},"_coverageSchema":"1a1c01bbd47fc00a2c39e90264f33305004495a9","hash":"8350deadd5493c61b5ef82067ba99a988c24ba7d"}
,"/Users/weichuwang/Desktop/project-video-and-messaging-web-app-guozhe-weichu-yuguang/api/routes/messageRouter.js": {"path":"/Users/weichuwang/Desktop/project-video-and-messaging-web-app-guozhe-weichu-yuguang/api/routes/messageRouter.js","statementMap":{"0":{"start":{"line":2,"column":16},"end":{"line":2,"column":34}},"1":{"start":{"line":3,"column":11},"end":{"line":3,"column":24}},"2":{"start":{"line":4,"column":21},"end":{"line":4,"column":46}},"3":{"start":{"line":5,"column":13},"end":{"line":5,"column":37}},"4":{"start":{"line":6,"column":16},"end":{"line":6,"column":43}},"5":{"start":{"line":7,"column":13},"end":{"line":7,"column":37}},"6":{"start":{"line":8,"column":19},"end":{"line":8,"column":36}},"7":{"start":{"line":9,"column":15},"end":{"line":9,"column":32}},"8":{"start":{"line":10,"column":31},"end":{"line":10,"column":48}},"9":{"start":{"line":11,"column":38},"end":{"line":11,"column":55}},"10":{"start":{"line":17,"column":4},"end":{"line":17,"column":21}},"11":{"start":{"line":19,"column":15},"end":{"line":19,"column":31}},"12":{"start":{"line":26,"column":0},"end":{"line":72,"column":3}},"13":{"start":{"line":30,"column":19},"end":{"line":30,"column":33}},"14":{"start":{"line":31,"column":21},"end":{"line":31,"column":33}},"15":{"start":{"line":36,"column":26},"end":{"line":36,"column":28}},"16":{"start":{"line":37,"column":17},"end":{"line":37,"column":109}},"17":{"start":{"line":38,"column":4},"end":{"line":71,"column":3}},"18":{"start":{"line":39,"column":6},"end":{"line":39,"column":38}},"19":{"start":{"line":40,"column":6},"end":{"line":40,"column":81}},"20":{"start":{"line":44,"column":23},"end":{"line":44,"column":39}},"21":{"start":{"line":45,"column":4},"end":{"line":67,"column":8}},"22":{"start":{"line":46,"column":22},"end":{"line":46,"column":60}},"23":{"start":{"line":47,"column":6},"end":{"line":51,"column":7}},"24":{"start":{"line":48,"column":8},"end":{"line":48,"column":43}},"25":{"start":{"line":52,"column":6},"end":{"line":66,"column":7}},"26":{"start":{"line":53,"column":28},"end":{"line":53,"column":56}},"27":{"start":{"line":54,"column":8},"end":{"line":54,"column":127}},"28":{"start":{"line":56,"column":11},"end":{"line":66,"column":7}},"29":{"start":{"line":59,"column":31},"end":{"line":59,"column":60}},"30":{"start":{"line":60,"column":10},"end":{"line":60,"column":129}},"31":{"start":{"line":63,"column":8},"end":{"line":63,"column":48}},"32":{"start":{"line":70,"column":4},"end":{"line":70,"column":30}},"33":{"start":{"line":74,"column":0},"end":{"line":288,"column":5}},"34":{"start":{"line":82,"column":19},"end":{"line":82,"column":34}},"35":{"start":{"line":84,"column":17},"end":{"line":84,"column":46}},"36":{"start":{"line":86,"column":24},"end":{"line":86,"column":45}},"37":{"start":{"line":87,"column":19},"end":{"line":87,"column":32}},"38":{"start":{"line":88,"column":21},"end":{"line":88,"column":32}},"39":{"start":{"line":90,"column":17},"end":{"line":90,"column":38}},"40":{"start":{"line":94,"column":20},"end":{"line":98,"column":6}},"41":{"start":{"line":100,"column":4},"end":{"line":285,"column":5}},"42":{"start":{"line":101,"column":31},"end":{"line":108,"column":10}},"43":{"start":{"line":110,"column":8},"end":{"line":137,"column":42}},"44":{"start":{"line":112,"column":30},"end":{"line":112,"column":41}},"45":{"start":{"line":114,"column":10},"end":{"line":135,"column":65}},"46":{"start":{"line":116,"column":14},"end":{"line":124,"column":15}},"47":{"start":{"line":117,"column":16},"end":{"line":117,"column":31}},"48":{"start":{"line":118,"column":16},"end":{"line":118,"column":49}},"49":{"start":{"line":119,"column":16},"end":{"line":119,"column":31}},"50":{"start":{"line":122,"column":16},"end":{"line":122,"column":49}},"51":{"start":{"line":123,"column":16},"end":{"line":123,"column":28}},"52":{"start":{"line":125,"column":14},"end":{"line":125,"column":75}},"53":{"start":{"line":125,"column":23},"end":{"line":125,"column":74}},"54":{"start":{"line":133,"column":14},"end":{"line":133,"column":34}},"55":{"start":{"line":135,"column":28},"end":{"line":135,"column":63}},"56":{"start":{"line":137,"column":24},"end":{"line":137,"column":40}},"57":{"start":{"line":140,"column":9},"end":{"line":285,"column":5}},"58":{"start":{"line":146,"column":28},"end":{"line":146,"column":59}},"59":{"start":{"line":147,"column":30},"end":{"line":153,"column":6}},"60":{"start":{"line":163,"column":6},"end":{"line":190,"column":40}},"61":{"start":{"line":165,"column":28},"end":{"line":165,"column":39}},"62":{"start":{"line":167,"column":8},"end":{"line":188,"column":63}},"63":{"start":{"line":169,"column":12},"end":{"line":177,"column":13}},"64":{"start":{"line":170,"column":14},"end":{"line":170,"column":29}},"65":{"start":{"line":171,"column":14},"end":{"line":171,"column":47}},"66":{"start":{"line":172,"column":14},"end":{"line":172,"column":29}},"67":{"start":{"line":175,"column":14},"end":{"line":175,"column":47}},"68":{"start":{"line":176,"column":14},"end":{"line":176,"column":26}},"69":{"start":{"line":178,"column":12},"end":{"line":178,"column":73}},"70":{"start":{"line":178,"column":21},"end":{"line":178,"column":72}},"71":{"start":{"line":186,"column":12},"end":{"line":186,"column":32}},"72":{"start":{"line":188,"column":26},"end":{"line":188,"column":61}},"73":{"start":{"line":190,"column":22},"end":{"line":190,"column":38}},"74":{"start":{"line":195,"column":9},"end":{"line":285,"column":5}},"75":{"start":{"line":197,"column":30},"end":{"line":197,"column":61}},"76":{"start":{"line":198,"column":32},"end":{"line":204,"column":8}},"77":{"start":{"line":207,"column":6},"end":{"line":234,"column":40}},"78":{"start":{"line":209,"column":28},"end":{"line":209,"column":39}},"79":{"start":{"line":210,"column":10},"end":{"line":210,"column":45}},"80":{"start":{"line":211,"column":8},"end":{"line":232,"column":63}},"81":{"start":{"line":213,"column":12},"end":{"line":221,"column":13}},"82":{"start":{"line":214,"column":14},"end":{"line":214,"column":29}},"83":{"start":{"line":215,"column":14},"end":{"line":215,"column":47}},"84":{"start":{"line":216,"column":14},"end":{"line":216,"column":29}},"85":{"start":{"line":219,"column":14},"end":{"line":219,"column":47}},"86":{"start":{"line":220,"column":14},"end":{"line":220,"column":26}},"87":{"start":{"line":222,"column":12},"end":{"line":222,"column":73}},"88":{"start":{"line":222,"column":21},"end":{"line":222,"column":72}},"89":{"start":{"line":230,"column":12},"end":{"line":230,"column":32}},"90":{"start":{"line":232,"column":26},"end":{"line":232,"column":61}},"91":{"start":{"line":234,"column":22},"end":{"line":234,"column":38}},"92":{"start":{"line":237,"column":9},"end":{"line":285,"column":5}},"93":{"start":{"line":240,"column":30},"end":{"line":240,"column":61}},"94":{"start":{"line":241,"column":32},"end":{"line":247,"column":8}},"95":{"start":{"line":249,"column":6},"end":{"line":249,"column":56}},"96":{"start":{"line":250,"column":6},"end":{"line":277,"column":40}},"97":{"start":{"line":252,"column":28},"end":{"line":252,"column":39}},"98":{"start":{"line":254,"column":8},"end":{"line":275,"column":63}},"99":{"start":{"line":256,"column":12},"end":{"line":264,"column":13}},"100":{"start":{"line":257,"column":14},"end":{"line":257,"column":29}},"101":{"start":{"line":258,"column":14},"end":{"line":258,"column":47}},"102":{"start":{"line":259,"column":14},"end":{"line":259,"column":29}},"103":{"start":{"line":262,"column":14},"end":{"line":262,"column":47}},"104":{"start":{"line":263,"column":14},"end":{"line":263,"column":26}},"105":{"start":{"line":265,"column":12},"end":{"line":265,"column":73}},"106":{"start":{"line":265,"column":21},"end":{"line":265,"column":72}},"107":{"start":{"line":273,"column":12},"end":{"line":273,"column":32}},"108":{"start":{"line":275,"column":26},"end":{"line":275,"column":61}},"109":{"start":{"line":277,"column":22},"end":{"line":277,"column":38}},"110":{"start":{"line":282,"column":6},"end":{"line":282,"column":22}},"111":{"start":{"line":283,"column":6},"end":{"line":283,"column":59}},"112":{"start":{"line":284,"column":6},"end":{"line":284,"column":13}},"113":{"start":{"line":289,"column":2},"end":{"line":289,"column":26}}},"fnMap":{"0":{"name":"(anonymous_0)","decl":{"start":{"line":28,"column":2},"end":{"line":28,"column":3}},"loc":{"start":{"line":28,"column":22},"end":{"line":72,"column":1}},"line":28},"1":{"name":"(anonymous_1)","decl":{"start":{"line":45,"column":37},"end":{"line":45,"column":38}},"loc":{"start":{"line":45,"column":58},"end":{"line":67,"column":5}},"line":45},"2":{"name":"(anonymous_2)","decl":{"start":{"line":79,"column":2},"end":{"line":79,"column":3}},"loc":{"start":{"line":79,"column":21},"end":{"line":288,"column":3}},"line":79},"3":{"name":"(anonymous_3)","decl":{"start":{"line":111,"column":14},"end":{"line":111,"column":15}},"loc":{"start":{"line":111,"column":27},"end":{"line":136,"column":9}},"line":111},"4":{"name":"(anonymous_4)","decl":{"start":{"line":115,"column":87},"end":{"line":115,"column":88}},"loc":{"start":{"line":115,"column":100},"end":{"line":127,"column":13}},"line":115},"5":{"name":"(anonymous_5)","decl":{"start":{"line":132,"column":18},"end":{"line":132,"column":19}},"loc":{"start":{"line":132,"column":24},"end":{"line":134,"column":13}},"line":132},"6":{"name":"(anonymous_6)","decl":{"start":{"line":135,"column":19},"end":{"line":135,"column":20}},"loc":{"start":{"line":135,"column":28},"end":{"line":135,"column":63}},"line":135},"7":{"name":"(anonymous_7)","decl":{"start":{"line":137,"column":15},"end":{"line":137,"column":16}},"loc":{"start":{"line":137,"column":24},"end":{"line":137,"column":40}},"line":137},"8":{"name":"(anonymous_8)","decl":{"start":{"line":164,"column":12},"end":{"line":164,"column":13}},"loc":{"start":{"line":164,"column":25},"end":{"line":189,"column":7}},"line":164},"9":{"name":"(anonymous_9)","decl":{"start":{"line":168,"column":85},"end":{"line":168,"column":86}},"loc":{"start":{"line":168,"column":98},"end":{"line":180,"column":11}},"line":168},"10":{"name":"(anonymous_10)","decl":{"start":{"line":185,"column":16},"end":{"line":185,"column":17}},"loc":{"start":{"line":185,"column":22},"end":{"line":187,"column":11}},"line":185},"11":{"name":"(anonymous_11)","decl":{"start":{"line":188,"column":17},"end":{"line":188,"column":18}},"loc":{"start":{"line":188,"column":26},"end":{"line":188,"column":61}},"line":188},"12":{"name":"(anonymous_12)","decl":{"start":{"line":190,"column":13},"end":{"line":190,"column":14}},"loc":{"start":{"line":190,"column":22},"end":{"line":190,"column":38}},"line":190},"13":{"name":"(anonymous_13)","decl":{"start":{"line":208,"column":12},"end":{"line":208,"column":13}},"loc":{"start":{"line":208,"column":25},"end":{"line":233,"column":7}},"line":208},"14":{"name":"(anonymous_14)","decl":{"start":{"line":212,"column":85},"end":{"line":212,"column":86}},"loc":{"start":{"line":212,"column":98},"end":{"line":224,"column":11}},"line":212},"15":{"name":"(anonymous_15)","decl":{"start":{"line":229,"column":16},"end":{"line":229,"column":17}},"loc":{"start":{"line":229,"column":22},"end":{"line":231,"column":11}},"line":229},"16":{"name":"(anonymous_16)","decl":{"start":{"line":232,"column":17},"end":{"line":232,"column":18}},"loc":{"start":{"line":232,"column":26},"end":{"line":232,"column":61}},"line":232},"17":{"name":"(anonymous_17)","decl":{"start":{"line":234,"column":13},"end":{"line":234,"column":14}},"loc":{"start":{"line":234,"column":22},"end":{"line":234,"column":38}},"line":234},"18":{"name":"(anonymous_18)","decl":{"start":{"line":251,"column":12},"end":{"line":251,"column":13}},"loc":{"start":{"line":251,"column":25},"end":{"line":276,"column":7}},"line":251},"19":{"name":"(anonymous_19)","decl":{"start":{"line":255,"column":85},"end":{"line":255,"column":86}},"loc":{"start":{"line":255,"column":98},"end":{"line":267,"column":11}},"line":255},"20":{"name":"(anonymous_20)","decl":{"start":{"line":272,"column":16},"end":{"line":272,"column":17}},"loc":{"start":{"line":272,"column":22},"end":{"line":274,"column":11}},"line":272},"21":{"name":"(anonymous_21)","decl":{"start":{"line":275,"column":17},"end":{"line":275,"column":18}},"loc":{"start":{"line":275,"column":26},"end":{"line":275,"column":61}},"line":275},"22":{"name":"(anonymous_22)","decl":{"start":{"line":277,"column":13},"end":{"line":277,"column":14}},"loc":{"start":{"line":277,"column":22},"end":{"line":277,"column":38}},"line":277}},"branchMap":{"0":{"loc":{"start":{"line":38,"column":4},"end":{"line":71,"column":3}},"type":"if","locations":[{"start":{"line":38,"column":4},"end":{"line":71,"column":3}},{"start":{"line":38,"column":4},"end":{"line":71,"column":3}}],"line":38},"1":{"loc":{"start":{"line":47,"column":6},"end":{"line":51,"column":7}},"type":"if","locations":[{"start":{"line":47,"column":6},"end":{"line":51,"column":7}},{"start":{"line":47,"column":6},"end":{"line":51,"column":7}}],"line":47},"2":{"loc":{"start":{"line":52,"column":6},"end":{"line":66,"column":7}},"type":"if","locations":[{"start":{"line":52,"column":6},"end":{"line":66,"column":7}},{"start":{"line":52,"column":6},"end":{"line":66,"column":7}}],"line":52},"3":{"loc":{"start":{"line":56,"column":11},"end":{"line":66,"column":7}},"type":"if","locations":[{"start":{"line":56,"column":11},"end":{"line":66,"column":7}},{"start":{"line":56,"column":11},"end":{"line":66,"column":7}}],"line":56},"4":{"loc":{"start":{"line":56,"column":14},"end":{"line":58,"column":45}},"type":"binary-expr","locations":[{"start":{"line":56,"column":14},"end":{"line":56,"column":51}},{"start":{"line":57,"column":8},"end":{"line":57,"column":44}},{"start":{"line":58,"column":8},"end":{"line":58,"column":45}}],"line":56},"5":{"loc":{"start":{"line":100,"column":4},"end":{"line":285,"column":5}},"type":"if","locations":[{"start":{"line":100,"column":4},"end":{"line":285,"column":5}},{"start":{"line":100,"column":4},"end":{"line":285,"column":5}}],"line":100},"6":{"loc":{"start":{"line":116,"column":14},"end":{"line":124,"column":15}},"type":"if","locations":[{"start":{"line":116,"column":14},"end":{"line":124,"column":15}},{"start":{"line":116,"column":14},"end":{"line":124,"column":15}}],"line":116},"7":{"loc":{"start":{"line":125,"column":14},"end":{"line":125,"column":75}},"type":"if","locations":[{"start":{"line":125,"column":14},"end":{"line":125,"column":75}},{"start":{"line":125,"column":14},"end":{"line":125,"column":75}}],"line":125},"8":{"loc":{"start":{"line":140,"column":9},"end":{"line":285,"column":5}},"type":"if","locations":[{"start":{"line":140,"column":9},"end":{"line":285,"column":5}},{"start":{"line":140,"column":9},"end":{"line":285,"column":5}}],"line":140},"9":{"loc":{"start":{"line":169,"column":12},"end":{"line":177,"column":13}},"type":"if","locations":[{"start":{"line":169,"column":12},"end":{"line":177,"column":13}},{"start":{"line":169,"column":12},"end":{"line":177,"column":13}}],"line":169},"10":{"loc":{"start":{"line":178,"column":12},"end":{"line":178,"column":73}},"type":"if","locations":[{"start":{"line":178,"column":12},"end":{"line":178,"column":73}},{"start":{"line":178,"column":12},"end":{"line":178,"column":73}}],"line":178},"11":{"loc":{"start":{"line":195,"column":9},"end":{"line":285,"column":5}},"type":"if","locations":[{"start":{"line":195,"column":9},"end":{"line":285,"column":5}},{"start":{"line":195,"column":9},"end":{"line":285,"column":5}}],"line":195},"12":{"loc":{"start":{"line":213,"column":12},"end":{"line":221,"column":13}},"type":"if","locations":[{"start":{"line":213,"column":12},"end":{"line":221,"column":13}},{"start":{"line":213,"column":12},"end":{"line":221,"column":13}}],"line":213},"13":{"loc":{"start":{"line":222,"column":12},"end":{"line":222,"column":73}},"type":"if","locations":[{"start":{"line":222,"column":12},"end":{"line":222,"column":73}},{"start":{"line":222,"column":12},"end":{"line":222,"column":73}}],"line":222},"14":{"loc":{"start":{"line":237,"column":9},"end":{"line":285,"column":5}},"type":"if","locations":[{"start":{"line":237,"column":9},"end":{"line":285,"column":5}},{"start":{"line":237,"column":9},"end":{"line":285,"column":5}}],"line":237},"15":{"loc":{"start":{"line":256,"column":12},"end":{"line":264,"column":13}},"type":"if","locations":[{"start":{"line":256,"column":12},"end":{"line":264,"column":13}},{"start":{"line":256,"column":12},"end":{"line":264,"column":13}}],"line":256},"16":{"loc":{"start":{"line":265,"column":12},"end":{"line":265,"column":73}},"type":"if","locations":[{"start":{"line":265,"column":12},"end":{"line":265,"column":73}},{"start":{"line":265,"column":12},"end":{"line":265,"column":73}}],"line":265}},"s":{"0":1,"1":1,"2":1,"3":1,"4":1,"5":1,"6":1,"7":1,"8":1,"9":1,"10":1,"11":1,"12":1,"13":2,"14":2,"15":2,"16":2,"17":2,"18":2,"19":2,"20":0,"21":0,"22":0,"23":0,"24":0,"25":0,"26":0,"27":0,"28":0,"29":0,"30":0,"31":0,"32":0,"33":1,"34":1,"35":1,"36":1,"37":1,"38":1,"39":1,"40":1,"41":1,"42":0,"43":0,"44":0,"45":0,"46":0,"47":0,"48":0,"49":0,"50":0,"51":0,"52":0,"53":0,"54":0,"55":0,"56":0,"57":1,"58":0,"59":0,"60":0,"61":0,"62":0,"63":0,"64":0,"65":0,"66":0,"67":0,"68":0,"69":0,"70":0,"71":0,"72":0,"73":0,"74":1,"75":0,"76":0,"77":0,"78":0,"79":0,"80":0,"81":0,"82":0,"83":0,"84":0,"85":0,"86":0,"87":0,"88":0,"89":0,"90":0,"91":0,"92":1,"93":0,"94":0,"95":0,"96":0,"97":0,"98":0,"99":0,"100":0,"101":0,"102":0,"103":0,"104":0,"105":0,"106":0,"107":0,"108":0,"109":0,"110":1,"111":1,"112":1,"113":1},"f":{"0":2,"1":0,"2":1,"3":0,"4":0,"5":0,"6":0,"7":0,"8":0,"9":0,"10":0,"11":0,"12":0,"13":0,"14":0,"15":0,"16":0,"17":0,"18":0,"19":0,"20":0,"21":0,"22":0},"b":{"0":[2,0],"1":[0,0],"2":[0,0],"3":[0,0],"4":[0,0,0],"5":[0,1],"6":[0,0],"7":[0,0],"8":[0,1],"9":[0,0],"10":[0,0],"11":[0,1],"12":[0,0],"13":[0,0],"14":[0,1],"15":[0,0],"16":[0,0]},"_coverageSchema":"1a1c01bbd47fc00a2c39e90264f33305004495a9","hash":"86503699e0b0a45845919ec9f8461d5170263738"}
,"/Users/weichuwang/Desktop/project-video-and-messaging-web-app-guozhe-weichu-yuguang/api/routes/status.js": {"path":"/Users/weichuwang/Desktop/project-video-and-messaging-web-app-guozhe-weichu-yuguang/api/routes/status.js","statementMap":{"0":{"start":{"line":2,"column":16},"end":{"line":2,"column":34}},"1":{"start":{"line":3,"column":11},"end":{"line":3,"column":24}},"2":{"start":{"line":4,"column":21},"end":{"line":4,"column":46}},"3":{"start":{"line":5,"column":13},"end":{"line":5,"column":37}},"4":{"start":{"line":8,"column":15},"end":{"line":8,"column":41}},"5":{"start":{"line":11,"column":31},"end":{"line":11,"column":48}},"6":{"start":{"line":12,"column":38},"end":{"line":12,"column":55}},"7":{"start":{"line":14,"column":15},"end":{"line":14,"column":31}},"8":{"start":{"line":17,"column":0},"end":{"line":55,"column":3}},"9":{"start":{"line":19,"column":23},"end":{"line":19,"column":40}},"10":{"start":{"line":21,"column":19},"end":{"line":21,"column":21}},"11":{"start":{"line":22,"column":21},"end":{"line":22,"column":59}},"12":{"start":{"line":24,"column":21},"end":{"line":24,"column":42}},"13":{"start":{"line":27,"column":4},"end":{"line":54,"column":5}},"14":{"start":{"line":28,"column":8},"end":{"line":28,"column":83}},"15":{"start":{"line":29,"column":8},"end":{"line":29,"column":28}},"16":{"start":{"line":32,"column":27},"end":{"line":32,"column":47}},"17":{"start":{"line":34,"column":12},"end":{"line":52,"column":13}},"18":{"start":{"line":35,"column":16},"end":{"line":47,"column":20}},"19":{"start":{"line":36,"column":20},"end":{"line":46,"column":21}},"20":{"start":{"line":37,"column":39},"end":{"line":37,"column":75}},"21":{"start":{"line":39,"column":24},"end":{"line":41,"column":25}},"22":{"start":{"line":40,"column":28},"end":{"line":40,"column":48}},"23":{"start":{"line":44,"column":24},"end":{"line":44,"column":41}},"24":{"start":{"line":45,"column":24},"end":{"line":45,"column":44}},"25":{"start":{"line":50,"column":16},"end":{"line":50,"column":73}},"26":{"start":{"line":51,"column":16},"end":{"line":51,"column":36}},"27":{"start":{"line":53,"column":8},"end":{"line":53,"column":25}},"28":{"start":{"line":58,"column":0},"end":{"line":74,"column":2}},"29":{"start":{"line":59,"column":4},"end":{"line":59,"column":24}},"30":{"start":{"line":60,"column":21},"end":{"line":60,"column":36}},"31":{"start":{"line":61,"column":20},"end":{"line":61,"column":37}},"32":{"start":{"line":64,"column":22},"end":{"line":64,"column":69}},"33":{"start":{"line":65,"column":4},"end":{"line":73,"column":5}},"34":{"start":{"line":66,"column":8},"end":{"line":66,"column":46}},"35":{"start":{"line":67,"column":8},"end":{"line":67,"column":25}},"36":{"start":{"line":68,"column":8},"end":{"line":68,"column":28}},"37":{"start":{"line":71,"column":8},"end":{"line":71,"column":79}},"38":{"start":{"line":72,"column":8},"end":{"line":72,"column":28}},"39":{"start":{"line":84,"column":0},"end":{"line":148,"column":3}},"40":{"start":{"line":86,"column":24},"end":{"line":86,"column":44}},"41":{"start":{"line":87,"column":23},"end":{"line":87,"column":42}},"42":{"start":{"line":90,"column":24},"end":{"line":90,"column":45}},"43":{"start":{"line":91,"column":21},"end":{"line":91,"column":60}},"44":{"start":{"line":92,"column":29},"end":{"line":92,"column":50}},"45":{"start":{"line":93,"column":4},"end":{"line":93,"column":34}},"46":{"start":{"line":95,"column":4},"end":{"line":147,"column":5}},"47":{"start":{"line":96,"column":8},"end":{"line":96,"column":28}},"48":{"start":{"line":97,"column":8},"end":{"line":97,"column":65}},"49":{"start":{"line":100,"column":8},"end":{"line":146,"column":9}},"50":{"start":{"line":101,"column":27},"end":{"line":101,"column":55}},"51":{"start":{"line":102,"column":34},"end":{"line":106,"column":14}},"52":{"start":{"line":108,"column":12},"end":{"line":120,"column":45}},"53":{"start":{"line":109,"column":33},"end":{"line":109,"column":43}},"54":{"start":{"line":111,"column":16},"end":{"line":116,"column":20}},"55":{"start":{"line":112,"column":43},"end":{"line":112,"column":87}},"56":{"start":{"line":113,"column":20},"end":{"line":113,"column":62}},"57":{"start":{"line":114,"column":20},"end":{"line":114,"column":42}},"58":{"start":{"line":120,"column":28},"end":{"line":120,"column":42}},"59":{"start":{"line":122,"column":13},"end":{"line":146,"column":9}},"60":{"start":{"line":123,"column":28},"end":{"line":123,"column":63}},"61":{"start":{"line":124,"column":35},"end":{"line":128,"column":14}},"62":{"start":{"line":129,"column":12},"end":{"line":141,"column":45}},"63":{"start":{"line":130,"column":33},"end":{"line":130,"column":43}},"64":{"start":{"line":132,"column":16},"end":{"line":137,"column":20}},"65":{"start":{"line":133,"column":43},"end":{"line":133,"column":87}},"66":{"start":{"line":134,"column":20},"end":{"line":134,"column":62}},"67":{"start":{"line":135,"column":20},"end":{"line":135,"column":42}},"68":{"start":{"line":141,"column":28},"end":{"line":141,"column":42}},"69":{"start":{"line":144,"column":12},"end":{"line":144,"column":32}},"70":{"start":{"line":145,"column":12},"end":{"line":145,"column":56}},"71":{"start":{"line":150,"column":0},"end":{"line":150,"column":24}}},"fnMap":{"0":{"name":"(anonymous_0)","decl":{"start":{"line":17,"column":24},"end":{"line":17,"column":25}},"loc":{"start":{"line":17,"column":42},"end":{"line":55,"column":1}},"line":17},"1":{"name":"(anonymous_1)","decl":{"start":{"line":35,"column":49},"end":{"line":35,"column":50}},"loc":{"start":{"line":35,"column":67},"end":{"line":47,"column":17}},"line":35},"2":{"name":"(anonymous_2)","decl":{"start":{"line":58,"column":26},"end":{"line":58,"column":27}},"loc":{"start":{"line":58,"column":44},"end":{"line":74,"column":1}},"line":58},"3":{"name":"(anonymous_3)","decl":{"start":{"line":84,"column":26},"end":{"line":84,"column":27}},"loc":{"start":{"line":84,"column":43},"end":{"line":148,"column":1}},"line":84},"4":{"name":"(anonymous_4)","decl":{"start":{"line":108,"column":38},"end":{"line":108,"column":39}},"loc":{"start":{"line":108,"column":56},"end":{"line":119,"column":14}},"line":108},"5":{"name":"(anonymous_5)","decl":{"start":{"line":111,"column":55},"end":{"line":111,"column":56}},"loc":{"start":{"line":111,"column":82},"end":{"line":116,"column":17}},"line":111},"6":{"name":"(anonymous_6)","decl":{"start":{"line":120,"column":20},"end":{"line":120,"column":21}},"loc":{"start":{"line":120,"column":27},"end":{"line":120,"column":43}},"line":120},"7":{"name":"(anonymous_7)","decl":{"start":{"line":129,"column":39},"end":{"line":129,"column":40}},"loc":{"start":{"line":129,"column":57},"end":{"line":140,"column":14}},"line":129},"8":{"name":"(anonymous_8)","decl":{"start":{"line":132,"column":55},"end":{"line":132,"column":56}},"loc":{"start":{"line":132,"column":82},"end":{"line":137,"column":17}},"line":132},"9":{"name":"(anonymous_9)","decl":{"start":{"line":141,"column":20},"end":{"line":141,"column":21}},"loc":{"start":{"line":141,"column":27},"end":{"line":141,"column":43}},"line":141}},"branchMap":{"0":{"loc":{"start":{"line":27,"column":4},"end":{"line":54,"column":5}},"type":"if","locations":[{"start":{"line":27,"column":4},"end":{"line":54,"column":5}},{"start":{"line":27,"column":4},"end":{"line":54,"column":5}}],"line":27},"1":{"loc":{"start":{"line":34,"column":12},"end":{"line":52,"column":13}},"type":"if","locations":[{"start":{"line":34,"column":12},"end":{"line":52,"column":13}},{"start":{"line":34,"column":12},"end":{"line":52,"column":13}}],"line":34},"2":{"loc":{"start":{"line":39,"column":24},"end":{"line":41,"column":25}},"type":"if","locations":[{"start":{"line":39,"column":24},"end":{"line":41,"column":25}},{"start":{"line":39,"column":24},"end":{"line":41,"column":25}}],"line":39},"3":{"loc":{"start":{"line":65,"column":4},"end":{"line":73,"column":5}},"type":"if","locations":[{"start":{"line":65,"column":4},"end":{"line":73,"column":5}},{"start":{"line":65,"column":4},"end":{"line":73,"column":5}}],"line":65},"4":{"loc":{"start":{"line":95,"column":4},"end":{"line":147,"column":5}},"type":"if","locations":[{"start":{"line":95,"column":4},"end":{"line":147,"column":5}},{"start":{"line":95,"column":4},"end":{"line":147,"column":5}}],"line":95},"5":{"loc":{"start":{"line":100,"column":8},"end":{"line":146,"column":9}},"type":"if","locations":[{"start":{"line":100,"column":8},"end":{"line":146,"column":9}},{"start":{"line":100,"column":8},"end":{"line":146,"column":9}}],"line":100},"6":{"loc":{"start":{"line":122,"column":13},"end":{"line":146,"column":9}},"type":"if","locations":[{"start":{"line":122,"column":13},"end":{"line":146,"column":9}},{"start":{"line":122,"column":13},"end":{"line":146,"column":9}}],"line":122},"7":{"loc":{"start":{"line":122,"column":16},"end":{"line":122,"column":73}},"type":"binary-expr","locations":[{"start":{"line":122,"column":16},"end":{"line":122,"column":43}},{"start":{"line":122,"column":47},"end":{"line":122,"column":73}}],"line":122}},"s":{"0":1,"1":1,"2":1,"3":1,"4":1,"5":1,"6":1,"7":1,"8":1,"9":0,"10":0,"11":0,"12":0,"13":0,"14":0,"15":0,"16":0,"17":0,"18":0,"19":0,"20":0,"21":0,"22":0,"23":0,"24":0,"25":0,"26":0,"27":0,"28":1,"29":0,"30":0,"31":0,"32":0,"33":0,"34":0,"35":0,"36":0,"37":0,"38":0,"39":1,"40":0,"41":0,"42":0,"43":0,"44":0,"45":0,"46":0,"47":0,"48":0,"49":0,"50":0,"51":0,"52":0,"53":0,"54":0,"55":0,"56":0,"57":0,"58":0,"59":0,"60":0,"61":0,"62":0,"63":0,"64":0,"65":0,"66":0,"67":0,"68":0,"69":0,"70":0,"71":1},"f":{"0":0,"1":0,"2":0,"3":0,"4":0,"5":0,"6":0,"7":0,"8":0,"9":0},"b":{"0":[0,0],"1":[0,0],"2":[0,0],"3":[0,0],"4":[0,0],"5":[0,0],"6":[0,0],"7":[0,0]},"_coverageSchema":"1a1c01bbd47fc00a2c39e90264f33305004495a9","hash":"3464232c1adc2692a703d1f2576efad803c4e88d"}
,"/Users/weichuwang/Desktop/project-video-and-messaging-web-app-guozhe-weichu-yuguang/api/routes/tokens.js": {"path":"/Users/weichuwang/Desktop/project-video-and-messaging-web-app-guozhe-weichu-yuguang/api/routes/tokens.js","statementMap":{"0":{"start":{"line":1,"column":15},"end":{"line":1,"column":32}},"1":{"start":{"line":2,"column":20},"end":{"line":2,"column":42}},"2":{"start":{"line":3,"column":23},"end":{"line":3,"column":34}},"3":{"start":{"line":5,"column":22},"end":{"line":11,"column":1}},"4":{"start":{"line":6,"column":2},"end":{"line":10,"column":4}},"5":{"start":{"line":13,"column":19},"end":{"line":24,"column":1}},"6":{"start":{"line":15,"column":2},"end":{"line":19,"column":3}},"7":{"start":{"line":16,"column":4},"end":{"line":16,"column":42}},"8":{"start":{"line":18,"column":4},"end":{"line":18,"column":34}},"9":{"start":{"line":20,"column":16},"end":{"line":20,"column":37}},"10":{"start":{"line":21,"column":2},"end":{"line":21,"column":29}},"11":{"start":{"line":22,"column":2},"end":{"line":22,"column":28}},"12":{"start":{"line":23,"column":2},"end":{"line":23,"column":15}},"13":{"start":{"line":26,"column":0},"end":{"line":26,"column":32}}},"fnMap":{"0":{"name":"(anonymous_0)","decl":{"start":{"line":5,"column":22},"end":{"line":5,"column":23}},"loc":{"start":{"line":5,"column":32},"end":{"line":11,"column":1}},"line":5},"1":{"name":"(anonymous_1)","decl":{"start":{"line":13,"column":19},"end":{"line":13,"column":20}},"loc":{"start":{"line":13,"column":47},"end":{"line":24,"column":1}},"line":13}},"branchMap":{"0":{"loc":{"start":{"line":15,"column":2},"end":{"line":19,"column":3}},"type":"if","locations":[{"start":{"line":15,"column":2},"end":{"line":19,"column":3}},{"start":{"line":15,"column":2},"end":{"line":19,"column":3}}],"line":15}},"s":{"0":1,"1":1,"2":1,"3":1,"4":0,"5":1,"6":0,"7":0,"8":0,"9":0,"10":0,"11":0,"12":0,"13":1},"f":{"0":0,"1":0},"b":{"0":[0,0]},"_coverageSchema":"1a1c01bbd47fc00a2c39e90264f33305004495a9","hash":"708573b23ebc6a3f5888c9c8c18afe11daa30eff"}
,"/Users/weichuwang/Desktop/project-video-and-messaging-web-app-guozhe-weichu-yuguang/api/routes/videoCallRouter.js": {"path":"/Users/weichuwang/Desktop/project-video-and-messaging-web-app-guozhe-weichu-yuguang/api/routes/videoCallRouter.js","statementMap":{"0":{"start":{"line":1,"column":15},"end":{"line":1,"column":34}},"1":{"start":{"line":2,"column":16},"end":{"line":2,"column":34}},"2":{"start":{"line":3,"column":19},"end":{"line":3,"column":41}},"3":{"start":{"line":4,"column":13},"end":{"line":4,"column":45}},"4":{"start":{"line":5,"column":23},"end":{"line":5,"column":42}},"5":{"start":{"line":7,"column":12},"end":{"line":7,"column":21}},"6":{"start":{"line":8,"column":0},"end":{"line":8,"column":52}},"7":{"start":{"line":9,"column":0},"end":{"line":9,"column":27}},"8":{"start":{"line":10,"column":0},"end":{"line":10,"column":14}},"9":{"start":{"line":12,"column":26},"end":{"line":19,"column":1}},"10":{"start":{"line":13,"column":2},"end":{"line":13,"column":46}},"11":{"start":{"line":14,"column":2},"end":{"line":18,"column":4}},"12":{"start":{"line":21,"column":0},"end":{"line":25,"column":3}},"13":{"start":{"line":22,"column":15},"end":{"line":22,"column":40}},"14":{"start":{"line":23,"column":2},"end":{"line":23,"column":52}},"15":{"start":{"line":24,"column":2},"end":{"line":24,"column":59}},"16":{"start":{"line":27,"column":0},"end":{"line":33,"column":3}},"17":{"start":{"line":28,"column":19},"end":{"line":28,"column":37}},"18":{"start":{"line":29,"column":15},"end":{"line":29,"column":29}},"19":{"start":{"line":30,"column":16},"end":{"line":30,"column":50}},"20":{"start":{"line":31,"column":2},"end":{"line":31,"column":32}},"21":{"start":{"line":34,"column":0},"end":{"line":39,"column":3}},"22":{"start":{"line":35,"column":19},"end":{"line":35,"column":36}},"23":{"start":{"line":36,"column":15},"end":{"line":36,"column":28}},"24":{"start":{"line":37,"column":16},"end":{"line":37,"column":50}},"25":{"start":{"line":38,"column":2},"end":{"line":38,"column":32}},"26":{"start":{"line":45,"column":0},"end":{"line":45,"column":21}}},"fnMap":{"0":{"name":"(anonymous_0)","decl":{"start":{"line":12,"column":26},"end":{"line":12,"column":27}},"loc":{"start":{"line":12,"column":42},"end":{"line":19,"column":1}},"line":12},"1":{"name":"(anonymous_1)","decl":{"start":{"line":21,"column":25},"end":{"line":21,"column":26}},"loc":{"start":{"line":21,"column":39},"end":{"line":25,"column":1}},"line":21},"2":{"name":"(anonymous_2)","decl":{"start":{"line":27,"column":24},"end":{"line":27,"column":25}},"loc":{"start":{"line":27,"column":38},"end":{"line":33,"column":1}},"line":27},"3":{"name":"(anonymous_3)","decl":{"start":{"line":34,"column":25},"end":{"line":34,"column":26}},"loc":{"start":{"line":34,"column":39},"end":{"line":39,"column":1}},"line":34}},"branchMap":{"0":{"loc":{"start":{"line":22,"column":15},"end":{"line":22,"column":40}},"type":"binary-expr","locations":[{"start":{"line":22,"column":15},"end":{"line":22,"column":29}},{"start":{"line":22,"column":33},"end":{"line":22,"column":40}}],"line":22}},"s":{"0":1,"1":1,"2":1,"3":1,"4":1,"5":1,"6":1,"7":1,"8":1,"9":1,"10":0,"11":0,"12":1,"13":0,"14":0,"15":0,"16":1,"17":0,"18":0,"19":0,"20":0,"21":1,"22":0,"23":0,"24":0,"25":0,"26":1},"f":{"0":0,"1":0,"2":0,"3":0},"b":{"0":[0,0]},"_coverageSchema":"1a1c01bbd47fc00a2c39e90264f33305004495a9","hash":"d73cb5cf3e0a76c6df68b0fd0169afe612bef1e3"}
}
