TN:
SF:../app.js
FN:31,(anonymous_0)
FN:45,(anonymous_1)
FN:48,(anonymous_2)
FN:59,(anonymous_3)
FN:75,(anonymous_4)
FN:106,(anonymous_5)
FN:137,(anonymous_6)
FN:144,(anonymous_7)
FN:149,(anonymous_8)
FN:155,(anonymous_9)
FN:159,(anonymous_10)
FN:160,(anonymous_11)
FN:169,checkAuthenticated
FN:182,checkNotAuthenticated
FN:194,checkAndSanitizeInput
FN:217,handleInputCheck
FN:229,sendDatabaseErrorResponse
FN:242,(anonymous_17)
FN:294,(anonymous_18)
FNF:19
FNH:14
FNDA:1,(anonymous_0)
FNDA:0,(anonymous_1)
FNDA:0,(anonymous_2)
FNDA:7,(anonymous_3)
FNDA:7,(anonymous_4)
FNDA:6,(anonymous_5)
FNDA:5,(anonymous_6)
FNDA:0,(anonymous_7)
FNDA:0,(anonymous_8)
FNDA:1,(anonymous_9)
FNDA:2,(anonymous_10)
FNDA:2,(anonymous_11)
FNDA:2,checkAuthenticated
FNDA:14,checkNotAuthenticated
FNDA:1,checkAndSanitizeInput
FNDA:5,handleInputCheck
FNDA:0,sendDatabaseErrorResponse
FNDA:1,(anonymous_17)
FNDA:22,(anonymous_18)
DA:2,1
DA:3,1
DA:4,1
DA:5,1
DA:6,1
DA:7,1
DA:8,1
DA:9,1
DA:10,1
DA:11,1
DA:12,1
DA:13,1
DA:14,1
DA:15,1
DA:16,1
DA:17,1
DA:18,1
DA:19,1
DA:20,1
DA:21,1
DA:22,1
DA:27,1
DA:32,1
DA:34,0
DA:37,1
DA:44,1
DA:46,0
DA:49,0
DA:50,0
DA:54,1
DA:59,1
DA:62,7
DA:64,7
DA:67,7
DA:68,7
DA:70,7
DA:71,7
DA:73,7
DA:77,7
DA:79,0
DA:80,0
DA:81,0
DA:84,7
DA:86,7
DA:89,7
DA:91,1
DA:94,1
DA:95,1
DA:96,1
DA:97,1
DA:101,0
DA:102,0
DA:103,0
DA:105,6
DA:106,6
DA:107,6
DA:110,1
DA:111,1
DA:112,1
DA:115,5
DA:117,3
DA:118,3
DA:121,2
DA:122,2
DA:125,5
DA:132,5
DA:138,5
DA:139,0
DA:142,5
DA:144,0
DA:149,0
DA:153,1
DA:155,1
DA:156,1
DA:159,1
DA:160,2
DA:161,2
DA:170,2
DA:174,1
DA:179,1
DA:183,14
DA:184,14
DA:185,1
DA:188,13
DA:195,1
DA:218,5
DA:220,5
DA:221,5
DA:224,0
DA:225,0
DA:230,0
DA:236,1
DA:237,1
DA:239,1
DA:242,1
DA:243,1
DA:273,1
DA:274,1
DA:275,1
DA:276,1
DA:277,1
DA:278,1
DA:279,1
DA:280,1
DA:282,1
DA:289,1
DA:290,1
DA:291,1
DA:292,1
DA:293,1
DA:294,1
DA:295,22
DA:297,22
DA:298,22
DA:299,22
DA:303,1
DA:315,1
DA:316,1
DA:317,1
DA:318,1
DA:319,1
LF:121
LH:105
BRDA:32,0,0,0
BRDA:32,0,1,1
BRDA:77,1,0,0
BRDA:77,1,1,7
BRDA:89,2,0,1
BRDA:89,2,1,6
BRDA:91,3,0,1
BRDA:91,3,1,0
BRDA:91,4,0,1
BRDA:91,4,1,1
BRDA:105,5,0,6
BRDA:105,5,1,0
BRDA:107,6,0,1
BRDA:107,6,1,5
BRDA:115,7,0,3
BRDA:115,7,1,2
BRDA:115,8,0,5
BRDA:115,8,1,3
BRDA:138,9,0,0
BRDA:138,9,1,5
BRDA:170,10,0,1
BRDA:170,10,1,1
BRDA:184,11,0,1
BRDA:184,11,1,13
BRDA:220,12,0,5
BRDA:220,12,1,0
BRDA:239,13,0,1
BRDA:239,13,1,1
BRF:28
BRH:22
end_of_record
TN:
SF:../model/message.js
FNF:0
FNH:0
DA:1,1
DA:3,1
DA:45,1
DA:47,1
LF:4
LH:4
BRF:0
BRH:0
end_of_record
TN:
SF:../model/room.js
FNF:0
FNH:0
DA:9,1
DA:11,1
DA:29,1
DA:31,1
LF:4
LH:4
BRF:0
BRH:0
end_of_record
TN:
SF:../model/status.js
FNF:0
FNH:0
DA:1,1
DA:5,1
DA:36,1
DA:38,1
LF:4
LH:4
BRF:0
BRH:0
end_of_record
TN:
SF:../model/user.js
FNF:0
FNH:0
DA:6,1
DA:8,1
DA:9,1
DA:13,1
DA:52,1
DA:91,1
DA:96,1
LF:7
LH:7
BRF:0
BRH:0
end_of_record
TN:
SF:../routes/authenRouter.js
FN:28,(anonymous_0)
FN:54,(anonymous_1)
FN:60,(anonymous_2)
FN:95,(anonymous_3)
FN:96,(anonymous_4)
FN:111,(anonymous_5)
FN:115,(anonymous_6)
FN:122,(anonymous_7)
FN:123,(anonymous_8)
FN:143,(anonymous_9)
FN:148,(anonymous_10)
FN:177,(anonymous_11)
FN:182,(anonymous_12)
FNF:13
FNH:7
FNDA:5,(anonymous_0)
FNDA:5,(anonymous_1)
FNDA:3,(anonymous_2)
FNDA:3,(anonymous_3)
FNDA:0,(anonymous_4)
FNDA:1,(anonymous_5)
FNDA:0,(anonymous_6)
FNDA:0,(anonymous_7)
FNDA:0,(anonymous_8)
FNDA:0,(anonymous_9)
FNDA:0,(anonymous_10)
FNDA:1,(anonymous_11)
FNDA:2,(anonymous_12)
DA:2,1
DA:3,1
DA:4,1
DA:5,1
DA:6,1
DA:7,1
DA:8,1
DA:9,1
DA:10,1
DA:11,1
DA:12,1
DA:13,1
DA:19,1
DA:20,1
DA:22,1
DA:24,1
DA:31,5
DA:32,5
DA:33,5
DA:34,5
DA:49,5
DA:51,5
DA:52,5
DA:53,5
DA:55,5
DA:56,2
DA:57,2
DA:59,3
DA:61,3
DA:62,0
DA:63,0
DA:85,3
DA:94,3
DA:95,3
DA:96,0
DA:103,0
DA:108,1
DA:113,1
DA:117,0
DA:118,0
DA:121,1
DA:123,0
DA:125,0
DA:126,0
DA:129,0
DA:131,0
DA:136,0
DA:141,0
DA:142,0
DA:145,0
DA:146,0
DA:150,0
DA:151,0
DA:175,1
DA:178,1
DA:179,1
DA:182,1
DA:183,2
DA:184,1
DA:186,1
DA:190,1
LF:61
LH:43
BRDA:55,0,0,2
BRDA:55,0,1,3
BRDA:61,1,0,0
BRDA:61,1,1,3
BRDA:125,2,0,0
BRDA:125,2,1,0
BRDA:129,3,0,0
BRDA:129,3,1,0
BRDA:183,4,0,1
BRDA:183,4,1,1
BRF:10
BRH:5
end_of_record
TN:
SF:../routes/config.js
FNF:0
FNH:0
DA:1,1
LF:1
LH:1
BRF:0
BRH:0
end_of_record
TN:
SF:../routes/contact.js
FN:17,(anonymous_0)
FN:36,(anonymous_1)
FN:43,(anonymous_2)
FN:73,(anonymous_3)
FN:123,(anonymous_4)
FN:164,(anonymous_5)
FN:180,(anonymous_6)
FN:184,(anonymous_7)
FN:186,(anonymous_8)
FN:208,(anonymous_9)
FNF:10
FNH:4
FNDA:1,(anonymous_0)
FNDA:1,(anonymous_1)
FNDA:0,(anonymous_2)
FNDA:1,(anonymous_3)
FNDA:0,(anonymous_4)
FNDA:1,(anonymous_5)
FNDA:0,(anonymous_6)
FNDA:0,(anonymous_7)
FNDA:0,(anonymous_8)
FNDA:0,(anonymous_9)
DA:2,1
DA:3,1
DA:4,1
DA:5,1
DA:6,1
DA:7,1
DA:10,1
DA:11,1
DA:13,1
DA:15,1
DA:18,1
DA:19,1
DA:20,1
DA:21,1
DA:22,0
DA:23,0
DA:24,0
DA:25,0
DA:28,1
DA:29,1
DA:34,1
DA:37,1
DA:38,1
DA:39,1
DA:40,1
DA:41,0
DA:42,0
DA:43,0
DA:45,0
DA:46,0
DA:47,0
DA:48,0
DA:49,0
DA:50,0
DA:54,0
DA:59,0
DA:62,0
DA:63,0
DA:66,1
DA:67,1
DA:72,1
DA:74,1
DA:75,1
DA:77,1
DA:78,1
DA:79,1
DA:83,1
DA:84,1
DA:85,1
DA:88,0
DA:91,0
DA:93,0
DA:95,0
DA:97,0
DA:98,0
DA:99,0
DA:101,0
DA:102,0
DA:103,0
DA:105,0
DA:108,0
DA:109,0
DA:113,0
DA:114,0
DA:123,1
DA:124,0
DA:125,0
DA:127,0
DA:131,0
DA:132,0
DA:133,0
DA:136,0
DA:137,0
DA:138,0
DA:141,0
DA:142,0
DA:143,0
DA:145,0
DA:148,0
DA:149,0
DA:150,0
DA:153,0
DA:156,0
DA:162,1
DA:166,1
DA:167,1
DA:168,1
DA:169,1
DA:171,1
DA:173,1
DA:174,1
DA:180,0
DA:181,0
DA:184,0
DA:185,0
DA:186,0
DA:187,0
DA:190,0
DA:192,0
DA:193,0
DA:198,0
DA:199,0
DA:204,0
DA:207,0
DA:208,0
DA:210,0
DA:212,0
DA:213,0
DA:217,0
DA:218,0
DA:224,0
DA:225,0
DA:237,1
LF:113
LH:42
BRDA:21,0,0,0
BRDA:21,0,1,1
BRDA:40,1,0,0
BRDA:40,1,1,1
BRDA:46,2,0,0
BRDA:46,2,1,0
BRDA:49,3,0,0
BRDA:49,3,1,0
BRDA:83,4,0,1
BRDA:83,4,1,0
BRDA:93,5,0,0
BRDA:93,5,1,0
BRDA:95,6,0,0
BRDA:95,6,1,0
BRDA:131,7,0,0
BRDA:131,7,1,0
BRDA:137,8,0,0
BRDA:137,8,1,0
BRDA:141,9,0,0
BRDA:141,9,1,0
BRDA:148,10,0,0
BRDA:148,10,1,0
BRDA:173,11,0,1
BRDA:173,11,1,0
BRDA:192,12,0,0
BRDA:192,12,1,0
BRDA:198,13,0,0
BRDA:198,13,1,0
BRDA:198,14,0,0
BRDA:198,14,1,0
BRDA:204,15,0,0
BRDA:204,15,1,0
BRDA:212,16,0,0
BRDA:212,16,1,0
BRDA:217,17,0,0
BRDA:217,17,1,0
BRF:36
BRH:4
end_of_record
TN:
SF:../routes/messageRouter.js
FN:28,(anonymous_0)
FN:45,(anonymous_1)
FN:79,(anonymous_2)
FN:111,(anonymous_3)
FN:115,(anonymous_4)
FN:132,(anonymous_5)
FN:135,(anonymous_6)
FN:137,(anonymous_7)
FN:164,(anonymous_8)
FN:168,(anonymous_9)
FN:185,(anonymous_10)
FN:188,(anonymous_11)
FN:190,(anonymous_12)
FN:208,(anonymous_13)
FN:212,(anonymous_14)
FN:229,(anonymous_15)
FN:232,(anonymous_16)
FN:234,(anonymous_17)
FN:251,(anonymous_18)
FN:255,(anonymous_19)
FN:272,(anonymous_20)
FN:275,(anonymous_21)
FN:277,(anonymous_22)
FNF:23
FNH:2
FNDA:2,(anonymous_0)
FNDA:0,(anonymous_1)
FNDA:1,(anonymous_2)
FNDA:0,(anonymous_3)
FNDA:0,(anonymous_4)
FNDA:0,(anonymous_5)
FNDA:0,(anonymous_6)
FNDA:0,(anonymous_7)
FNDA:0,(anonymous_8)
FNDA:0,(anonymous_9)
FNDA:0,(anonymous_10)
FNDA:0,(anonymous_11)
FNDA:0,(anonymous_12)
FNDA:0,(anonymous_13)
FNDA:0,(anonymous_14)
FNDA:0,(anonymous_15)
FNDA:0,(anonymous_16)
FNDA:0,(anonymous_17)
FNDA:0,(anonymous_18)
FNDA:0,(anonymous_19)
FNDA:0,(anonymous_20)
FNDA:0,(anonymous_21)
FNDA:0,(anonymous_22)
DA:2,1
DA:3,1
DA:4,1
DA:5,1
DA:6,1
DA:7,1
DA:8,1
DA:9,1
DA:10,1
DA:11,1
DA:17,1
DA:19,1
DA:26,1
DA:30,2
DA:31,2
DA:36,2
DA:37,2
DA:38,2
DA:39,2
DA:40,2
DA:44,0
DA:45,0
DA:46,0
DA:47,0
DA:48,0
DA:52,0
DA:53,0
DA:54,0
DA:56,0
DA:59,0
DA:60,0
DA:63,0
DA:70,0
DA:74,1
DA:82,1
DA:84,1
DA:86,1
DA:87,1
DA:88,1
DA:90,1
DA:94,1
DA:100,1
DA:101,0
DA:110,0
DA:112,0
DA:114,0
DA:116,0
DA:117,0
DA:118,0
DA:119,0
DA:122,0
DA:123,0
DA:125,0
DA:133,0
DA:135,0
DA:137,0
DA:140,1
DA:146,0
DA:147,0
DA:163,0
DA:165,0
DA:167,0
DA:169,0
DA:170,0
DA:171,0
DA:172,0
DA:175,0
DA:176,0
DA:178,0
DA:186,0
DA:188,0
DA:190,0
DA:195,1
DA:197,0
DA:198,0
DA:207,0
DA:209,0
DA:210,0
DA:211,0
DA:213,0
DA:214,0
DA:215,0
DA:216,0
DA:219,0
DA:220,0
DA:222,0
DA:230,0
DA:232,0
DA:234,0
DA:237,1
DA:240,0
DA:241,0
DA:249,0
DA:250,0
DA:252,0
DA:254,0
DA:256,0
DA:257,0
DA:258,0
DA:259,0
DA:262,0
DA:263,0
DA:265,0
DA:273,0
DA:275,0
DA:277,0
DA:282,1
DA:283,1
DA:284,1
DA:289,1
LF:110
LH:36
BRDA:38,0,0,2
BRDA:38,0,1,0
BRDA:47,1,0,0
BRDA:47,1,1,0
BRDA:52,2,0,0
BRDA:52,2,1,0
BRDA:56,3,0,0
BRDA:56,3,1,0
BRDA:56,4,0,0
BRDA:56,4,1,0
BRDA:56,4,2,0
BRDA:100,5,0,0
BRDA:100,5,1,1
BRDA:116,6,0,0
BRDA:116,6,1,0
BRDA:125,7,0,0
BRDA:125,7,1,0
BRDA:140,8,0,0
BRDA:140,8,1,1
BRDA:169,9,0,0
BRDA:169,9,1,0
BRDA:178,10,0,0
BRDA:178,10,1,0
BRDA:195,11,0,0
BRDA:195,11,1,1
BRDA:213,12,0,0
BRDA:213,12,1,0
BRDA:222,13,0,0
BRDA:222,13,1,0
BRDA:237,14,0,0
BRDA:237,14,1,1
BRDA:256,15,0,0
BRDA:256,15,1,0
BRDA:265,16,0,0
BRDA:265,16,1,0
BRF:35
BRH:5
end_of_record
TN:
SF:../routes/status.js
FN:17,(anonymous_0)
FN:35,(anonymous_1)
FN:58,(anonymous_2)
FN:84,(anonymous_3)
FN:108,(anonymous_4)
FN:111,(anonymous_5)
FN:120,(anonymous_6)
FN:129,(anonymous_7)
FN:132,(anonymous_8)
FN:141,(anonymous_9)
FNF:10
FNH:0
FNDA:0,(anonymous_0)
FNDA:0,(anonymous_1)
FNDA:0,(anonymous_2)
FNDA:0,(anonymous_3)
FNDA:0,(anonymous_4)
FNDA:0,(anonymous_5)
FNDA:0,(anonymous_6)
FNDA:0,(anonymous_7)
FNDA:0,(anonymous_8)
FNDA:0,(anonymous_9)
DA:2,1
DA:3,1
DA:4,1
DA:5,1
DA:8,1
DA:11,1
DA:12,1
DA:14,1
DA:17,1
DA:19,0
DA:21,0
DA:22,0
DA:24,0
DA:27,0
DA:28,0
DA:29,0
DA:32,0
DA:34,0
DA:35,0
DA:36,0
DA:37,0
DA:39,0
DA:40,0
DA:44,0
DA:45,0
DA:50,0
DA:51,0
DA:53,0
DA:58,1
DA:59,0
DA:60,0
DA:61,0
DA:64,0
DA:65,0
DA:66,0
DA:67,0
DA:68,0
DA:71,0
DA:72,0
DA:84,1
DA:86,0
DA:87,0
DA:90,0
DA:91,0
DA:92,0
DA:93,0
DA:95,0
DA:96,0
DA:97,0
DA:100,0
DA:101,0
DA:102,0
DA:108,0
DA:109,0
DA:111,0
DA:112,0
DA:113,0
DA:114,0
DA:120,0
DA:122,0
DA:123,0
DA:124,0
DA:129,0
DA:130,0
DA:132,0
DA:133,0
DA:134,0
DA:135,0
DA:141,0
DA:144,0
DA:145,0
DA:150,1
LF:72
LH:12
BRDA:27,0,0,0
BRDA:27,0,1,0
BRDA:34,1,0,0
BRDA:34,1,1,0
BRDA:39,2,0,0
BRDA:39,2,1,0
BRDA:65,3,0,0
BRDA:65,3,1,0
BRDA:95,4,0,0
BRDA:95,4,1,0
BRDA:100,5,0,0
BRDA:100,5,1,0
BRDA:122,6,0,0
BRDA:122,6,1,0
BRDA:122,7,0,0
BRDA:122,7,1,0
BRF:16
BRH:0
end_of_record
TN:
SF:../routes/tokens.js
FN:5,(anonymous_0)
FN:13,(anonymous_1)
FNF:2
FNH:0
FNDA:0,(anonymous_0)
FNDA:0,(anonymous_1)
DA:1,1
DA:2,1
DA:3,1
DA:5,1
DA:6,0
DA:13,1
DA:15,0
DA:16,0
DA:18,0
DA:20,0
DA:21,0
DA:22,0
DA:23,0
DA:26,1
LF:14
LH:6
BRDA:15,0,0,0
BRDA:15,0,1,0
BRF:2
BRH:0
end_of_record
TN:
SF:../routes/videoCallRouter.js
FN:12,(anonymous_0)
FN:21,(anonymous_1)
FN:27,(anonymous_2)
FN:34,(anonymous_3)
FNF:4
FNH:0
FNDA:0,(anonymous_0)
FNDA:0,(anonymous_1)
FNDA:0,(anonymous_2)
FNDA:0,(anonymous_3)
DA:1,1
DA:2,1
DA:3,1
DA:4,1
DA:5,1
DA:7,1
DA:8,1
DA:9,1
DA:10,1
DA:12,1
DA:13,0
DA:14,0
DA:21,1
DA:22,0
DA:23,0
DA:24,0
DA:27,1
DA:28,0
DA:29,0
DA:30,0
DA:31,0
DA:34,1
DA:35,0
DA:36,0
DA:37,0
DA:38,0
DA:45,1
LF:27
LH:14
BRDA:22,0,0,0
BRDA:22,0,1,0
BRF:2
BRH:0
end_of_record
